  [1m[36m (7.5ms)[0m  [1mCREATE TABLE "schema_migrations" ("version" character varying(255) NOT NULL) [0m
  [1m[35m (13.2ms)[0m  CREATE UNIQUE INDEX  "unique_schema_migrations" ON "schema_migrations"  ("version")
  [1m[36mActiveRecord::SchemaMigration Load (0.4ms)[0m  [1mSELECT "schema_migrations".* FROM "schema_migrations"[0m
Migrating to CreateUsers (20140926172014)
  [1m[35m (0.2ms)[0m  BEGIN
  [1m[36m (22.9ms)[0m  [1mCREATE TABLE "users" ("id" serial primary key, "first_name" character varying(255), "last_name" character varying(255), "email" character varying(255), "username" character varying(255), "password_hash" character varying(255), "created_at" timestamp, "updated_at" timestamp) [0m
  [1m[35mSQL (6.1ms)[0m  INSERT INTO "schema_migrations" ("version") VALUES ($1)  [["version", "20140926172014"]]
  [1m[36m (6.1ms)[0m  [1mCOMMIT[0m
  [1m[35mActiveRecord::SchemaMigration Load (0.2ms)[0m  SELECT "schema_migrations".* FROM "schema_migrations"
  [1m[36mActiveRecord::SchemaMigration Load (0.2ms)[0m  [1mSELECT "schema_migrations".* FROM "schema_migrations"[0m
Migrating to CreateJobthings (20140926172328)
  [1m[35m (0.1ms)[0m  BEGIN
  [1m[36m (4.6ms)[0m  [1mCREATE TABLE "jobthings" ("id" serial primary key, "job_link" character varying(255), "company" character varying(255), "position" character varying(255), "user_id" integer, "created_at" timestamp, "updated_at" timestamp) [0m
  [1m[35mSQL (0.2ms)[0m  INSERT INTO "schema_migrations" ("version") VALUES ($1)  [["version", "20140926172328"]]
  [1m[36m (0.7ms)[0m  [1mCOMMIT[0m
Migrating to CreateInterviews (20140926173127)
  [1m[35m (0.2ms)[0m  BEGIN
  [1m[36m (1.7ms)[0m  [1mCREATE TABLE "interviews" ("id" serial primary key, "interviewed_with" character varying(255), "interview_date" timestamp, "interview_time" timestamp, "jobthing_id" integer, "created_at" timestamp, "updated_at" timestamp) [0m
  [1m[35mSQL (0.1ms)[0m  INSERT INTO "schema_migrations" ("version") VALUES ($1)  [["version", "20140926173127"]]
  [1m[36m (0.3ms)[0m  [1mCOMMIT[0m
Migrating to CreateAppliedTos (20140926173342)
  [1m[35m (0.2ms)[0m  BEGIN
  [1m[36m (1.6ms)[0m  [1mCREATE TABLE "applied_tos" ("id" serial primary key, "applied_to_date" timestamp, "jobthing_id" integer, "created_at" timestamp, "updated_at" timestamp) [0m
  [1m[35mSQL (0.1ms)[0m  INSERT INTO "schema_migrations" ("version") VALUES ($1)  [["version", "20140926173342"]]
  [1m[36m (0.3ms)[0m  [1mCOMMIT[0m
Migrating to CreateOutcomes (20140926173817)
  [1m[35m (0.2ms)[0m  BEGIN
  [1m[36m (1.5ms)[0m  [1mCREATE TABLE "outcomes" ("id" serial primary key, "jobthing_id" integer, "created_at" timestamp, "updated_at" timestamp) [0m
  [1m[35mSQL (0.1ms)[0m  INSERT INTO "schema_migrations" ("version") VALUES ($1)  [["version", "20140926173817"]]
  [1m[36m (0.3ms)[0m  [1mCOMMIT[0m
Migrating to CreateContacts (20140926173901)
  [1m[35m (0.2ms)[0m  BEGIN
  [1m[36m (2.3ms)[0m  [1mCREATE TABLE "contacts" ("id" serial primary key, "first_name" character varying(255), "last_name" character varying(255), "phone_number" character varying(255), "email" character varying(255), "jobthing_id" integer, "created_at" timestamp, "updated_at" timestamp) [0m
  [1m[35mSQL (0.1ms)[0m  INSERT INTO "schema_migrations" ("version") VALUES ($1)  [["version", "20140926173901"]]
  [1m[36m (1.4ms)[0m  [1mCOMMIT[0m
Migrating to CreateMiscjobthings (20140926174002)
  [1m[35m (0.2ms)[0m  BEGIN
  [1m[36m (1.5ms)[0m  [1mCREATE TABLE "miscjobthings" ("id" serial primary key, "type" character varying(255), "jobthing_id" integer, "created_at" timestamp, "updated_at" timestamp) [0m
  [1m[35mSQL (0.1ms)[0m  INSERT INTO "schema_migrations" ("version") VALUES ($1)  [["version", "20140926174002"]]
  [1m[36m (0.3ms)[0m  [1mCOMMIT[0m
Migrating to CreateNotes (20140926174044)
  [1m[35m (0.1ms)[0m  BEGIN
  [1m[36m (2.4ms)[0m  [1mCREATE TABLE "notes" ("id" serial primary key, "note" text, "phase_column" character varying(255), "user_id" integer, "jobthing_id" integer, "created_at" timestamp, "updated_at" timestamp) [0m
  [1m[35mSQL (0.1ms)[0m  INSERT INTO "schema_migrations" ("version") VALUES ($1)  [["version", "20140926174044"]]
  [1m[36m (0.3ms)[0m  [1mCOMMIT[0m
  [1m[35mActiveRecord::SchemaMigration Load (0.1ms)[0m  SELECT "schema_migrations".* FROM "schema_migrations"
  [1m[36mUser Load (5.9ms)[0m  [1mSELECT "users".* FROM "users"[0m
  [1m[35mUser Load (0.5ms)[0m  SELECT "users".* FROM "users"
  [1m[36m (116.4ms)[0m  [1mDROP DATABASE IF EXISTS "JobThing_development"[0m
  [1m[35m (114.9ms)[0m  DROP DATABASE IF EXISTS "JobThing_test"
  [1m[36m (230.1ms)[0m  [1mCREATE DATABASE "JobThing_development" ENCODING = 'unicode'[0m
  [1m[35m (230.7ms)[0m  CREATE DATABASE "JobThing_test" ENCODING = 'unicode'
  [1m[36mSQL (0.3ms)[0m  [1mCREATE EXTENSION IF NOT EXISTS "plpgsql"[0m
  [1m[35m (3.2ms)[0m  CREATE TABLE "applied_tos" ("id" serial primary key, "applied_to_date" timestamp, "jobthing_id" integer, "created_at" timestamp, "updated_at" timestamp) 
  [1m[36m (2.6ms)[0m  [1mCREATE TABLE "contacts" ("id" serial primary key, "first_name" character varying(255), "last_name" character varying(255), "phone_number" character varying(255), "email" character varying(255), "jobthing_id" integer, "created_at" timestamp, "updated_at" timestamp) [0m
  [1m[35m (1.6ms)[0m  CREATE TABLE "interviews" ("id" serial primary key, "interviewed_with" character varying(255), "interview_date" timestamp, "interview_time" timestamp, "jobthing_id" integer, "created_at" timestamp, "updated_at" timestamp) 
  [1m[36m (2.1ms)[0m  [1mCREATE TABLE "jobthings" ("id" serial primary key, "job_link" character varying(255), "company" character varying(255), "position" character varying(255), "user_id" integer, "created_at" timestamp, "updated_at" timestamp) [0m
  [1m[35m (1.6ms)[0m  CREATE TABLE "miscjobthings" ("id" serial primary key, "type" character varying(255), "jobthing_id" integer, "created_at" timestamp, "updated_at" timestamp) 
  [1m[36m (2.3ms)[0m  [1mCREATE TABLE "notes" ("id" serial primary key, "note" text, "phase_column" character varying(255), "user_id" integer, "jobthing_id" integer, "created_at" timestamp, "updated_at" timestamp) [0m
  [1m[35m (1.6ms)[0m  CREATE TABLE "outcomes" ("id" serial primary key, "jobthing_id" integer, "created_at" timestamp, "updated_at" timestamp) 
  [1m[36m (2.8ms)[0m  [1mCREATE TABLE "users" ("id" serial primary key, "first_name" character varying(255), "last_name" character varying(255), "email" character varying(255), "username" character varying(255), "password_hash" character varying(255), "created_at" timestamp, "updated_at" timestamp) [0m
  [1m[35m (0.8ms)[0m  CREATE TABLE "schema_migrations" ("version" character varying(255) NOT NULL) 
  [1m[36m (0.9ms)[0m  [1mCREATE UNIQUE INDEX  "unique_schema_migrations" ON "schema_migrations"  ("version")[0m
  [1m[35m (0.2ms)[0m  SELECT version FROM "schema_migrations"
  [1m[36m (0.4ms)[0m  [1mINSERT INTO "schema_migrations" (version) VALUES ('20140926174044')[0m
  [1m[35m (0.3ms)[0m  INSERT INTO "schema_migrations" (version) VALUES ('20140926172014')
  [1m[36m (0.3ms)[0m  [1mINSERT INTO "schema_migrations" (version) VALUES ('20140926172328')[0m
  [1m[35m (0.3ms)[0m  INSERT INTO "schema_migrations" (version) VALUES ('20140926173127')
  [1m[36m (0.3ms)[0m  [1mINSERT INTO "schema_migrations" (version) VALUES ('20140926173342')[0m
  [1m[35m (0.3ms)[0m  INSERT INTO "schema_migrations" (version) VALUES ('20140926173817')
  [1m[36m (0.3ms)[0m  [1mINSERT INTO "schema_migrations" (version) VALUES ('20140926173901')[0m
  [1m[35m (0.2ms)[0m  INSERT INTO "schema_migrations" (version) VALUES ('20140926174002')
  [1m[36mActiveRecord::SchemaMigration Load (0.1ms)[0m  [1mSELECT "schema_migrations".* FROM "schema_migrations"[0m
  [1m[36m (116.8ms)[0m  [1mDROP DATABASE IF EXISTS "JobThing_development"[0m
  [1m[35m (114.9ms)[0m  DROP DATABASE IF EXISTS "JobThing_test"
  [1m[36m (232.3ms)[0m  [1mCREATE DATABASE "JobThing_development" ENCODING = 'unicode'[0m
  [1m[35m (231.8ms)[0m  CREATE DATABASE "JobThing_test" ENCODING = 'unicode'
  [1m[36mSQL (0.2ms)[0m  [1mCREATE EXTENSION IF NOT EXISTS "plpgsql"[0m
  [1m[35m (3.6ms)[0m  CREATE TABLE "applied_tos" ("id" serial primary key, "applied_to_date" timestamp, "jobthing_id" integer, "created_at" timestamp, "updated_at" timestamp) 
  [1m[36m (3.2ms)[0m  [1mCREATE TABLE "contacts" ("id" serial primary key, "first_name" character varying(255), "last_name" character varying(255), "phone_number" character varying(255), "email" character varying(255), "jobthing_id" integer, "created_at" timestamp, "updated_at" timestamp) [0m
  [1m[35m (1.9ms)[0m  CREATE TABLE "interviews" ("id" serial primary key, "interviewed_with" character varying(255), "interview_date" timestamp, "interview_time" timestamp, "jobthing_id" integer, "created_at" timestamp, "updated_at" timestamp) 
  [1m[36m (2.4ms)[0m  [1mCREATE TABLE "jobthings" ("id" serial primary key, "job_link" character varying(255), "company" character varying(255), "position" character varying(255), "user_id" integer, "created_at" timestamp, "updated_at" timestamp) [0m
  [1m[35m (1.7ms)[0m  CREATE TABLE "miscjobthings" ("id" serial primary key, "type" character varying(255), "jobthing_id" integer, "created_at" timestamp, "updated_at" timestamp) 
  [1m[36m (2.5ms)[0m  [1mCREATE TABLE "notes" ("id" serial primary key, "note" text, "phase_column" character varying(255), "user_id" integer, "jobthing_id" integer, "created_at" timestamp, "updated_at" timestamp) [0m
  [1m[35m (1.6ms)[0m  CREATE TABLE "outcomes" ("id" serial primary key, "jobthing_id" integer, "created_at" timestamp, "updated_at" timestamp) 
  [1m[36m (2.2ms)[0m  [1mCREATE TABLE "users" ("id" serial primary key, "first_name" character varying(255), "last_name" character varying(255), "email" character varying(255), "username" character varying(255), "password_hash" character varying(255), "created_at" timestamp, "updated_at" timestamp) [0m
  [1m[35m (0.9ms)[0m  CREATE TABLE "schema_migrations" ("version" character varying(255) NOT NULL) 
  [1m[36m (1.0ms)[0m  [1mCREATE UNIQUE INDEX  "unique_schema_migrations" ON "schema_migrations"  ("version")[0m
  [1m[35m (0.3ms)[0m  SELECT version FROM "schema_migrations"
  [1m[36m (0.4ms)[0m  [1mINSERT INTO "schema_migrations" (version) VALUES ('20140926174044')[0m
  [1m[35m (0.4ms)[0m  INSERT INTO "schema_migrations" (version) VALUES ('20140926172014')
  [1m[36m (0.3ms)[0m  [1mINSERT INTO "schema_migrations" (version) VALUES ('20140926172328')[0m
  [1m[35m (0.4ms)[0m  INSERT INTO "schema_migrations" (version) VALUES ('20140926173127')
  [1m[36m (0.4ms)[0m  [1mINSERT INTO "schema_migrations" (version) VALUES ('20140926173342')[0m
  [1m[35m (0.4ms)[0m  INSERT INTO "schema_migrations" (version) VALUES ('20140926173817')
  [1m[36m (0.5ms)[0m  [1mINSERT INTO "schema_migrations" (version) VALUES ('20140926173901')[0m
  [1m[35m (0.5ms)[0m  INSERT INTO "schema_migrations" (version) VALUES ('20140926174002')
  [1m[36mActiveRecord::SchemaMigration Load (0.1ms)[0m  [1mSELECT "schema_migrations".* FROM "schema_migrations"[0m
  [1m[36m (116.7ms)[0m  [1mDROP DATABASE IF EXISTS "JobThing_development"[0m
  [1m[35m (115.1ms)[0m  DROP DATABASE IF EXISTS "JobThing_test"
  [1m[36m (230.2ms)[0m  [1mCREATE DATABASE "JobThing_development" ENCODING = 'unicode'[0m
  [1m[35m (230.9ms)[0m  CREATE DATABASE "JobThing_test" ENCODING = 'unicode'
  [1m[36mSQL (0.2ms)[0m  [1mCREATE EXTENSION IF NOT EXISTS "plpgsql"[0m
  [1m[35m (3.6ms)[0m  CREATE TABLE "applied_tos" ("id" serial primary key, "applied_to_date" timestamp, "jobthing_id" integer, "created_at" timestamp, "updated_at" timestamp) 
  [1m[36m (3.2ms)[0m  [1mCREATE TABLE "contacts" ("id" serial primary key, "first_name" character varying(255), "last_name" character varying(255), "phone_number" character varying(255), "email" character varying(255), "jobthing_id" integer, "created_at" timestamp, "updated_at" timestamp) [0m
  [1m[35m (1.9ms)[0m  CREATE TABLE "interviews" ("id" serial primary key, "interviewed_with" character varying(255), "interview_date" timestamp, "interview_time" timestamp, "jobthing_id" integer, "created_at" timestamp, "updated_at" timestamp) 
  [1m[36m (2.4ms)[0m  [1mCREATE TABLE "jobthings" ("id" serial primary key, "job_link" character varying(255), "company" character varying(255), "position" character varying(255), "user_id" integer, "created_at" timestamp, "updated_at" timestamp) [0m
  [1m[35m (1.7ms)[0m  CREATE TABLE "miscjobthings" ("id" serial primary key, "type" character varying(255), "jobthing_id" integer, "created_at" timestamp, "updated_at" timestamp) 
  [1m[36m (2.6ms)[0m  [1mCREATE TABLE "notes" ("id" serial primary key, "note" text, "phase_column" character varying(255), "user_id" integer, "jobthing_id" integer, "created_at" timestamp, "updated_at" timestamp) [0m
  [1m[35m (1.6ms)[0m  CREATE TABLE "outcomes" ("id" serial primary key, "jobthing_id" integer, "created_at" timestamp, "updated_at" timestamp) 
  [1m[36m (2.4ms)[0m  [1mCREATE TABLE "users" ("id" serial primary key, "first_name" character varying(255), "last_name" character varying(255), "email" character varying(255), "username" character varying(255), "password_hash" character varying(255), "created_at" timestamp, "updated_at" timestamp) [0m
  [1m[35m (0.8ms)[0m  CREATE TABLE "schema_migrations" ("version" character varying(255) NOT NULL) 
  [1m[36m (1.2ms)[0m  [1mCREATE UNIQUE INDEX  "unique_schema_migrations" ON "schema_migrations"  ("version")[0m
  [1m[35m (0.3ms)[0m  SELECT version FROM "schema_migrations"
  [1m[36m (0.5ms)[0m  [1mINSERT INTO "schema_migrations" (version) VALUES ('20140926174044')[0m
  [1m[35m (0.3ms)[0m  INSERT INTO "schema_migrations" (version) VALUES ('20140926172014')
  [1m[36m (0.2ms)[0m  [1mINSERT INTO "schema_migrations" (version) VALUES ('20140926172328')[0m
  [1m[35m (0.2ms)[0m  INSERT INTO "schema_migrations" (version) VALUES ('20140926173127')
  [1m[36m (0.2ms)[0m  [1mINSERT INTO "schema_migrations" (version) VALUES ('20140926173342')[0m
  [1m[35m (0.2ms)[0m  INSERT INTO "schema_migrations" (version) VALUES ('20140926173817')
  [1m[36m (0.1ms)[0m  [1mINSERT INTO "schema_migrations" (version) VALUES ('20140926173901')[0m
  [1m[35m (0.2ms)[0m  INSERT INTO "schema_migrations" (version) VALUES ('20140926174002')
  [1m[36mActiveRecord::SchemaMigration Load (0.1ms)[0m  [1mSELECT "schema_migrations".* FROM "schema_migrations"[0m
  [1m[36m (117.5ms)[0m  [1mDROP DATABASE IF EXISTS "JobThing_development"[0m
  [1m[35m (116.3ms)[0m  DROP DATABASE IF EXISTS "JobThing_test"
  [1m[36m (230.5ms)[0m  [1mCREATE DATABASE "JobThing_development" ENCODING = 'unicode'[0m
  [1m[35m (232.6ms)[0m  CREATE DATABASE "JobThing_test" ENCODING = 'unicode'
  [1m[36mSQL (0.2ms)[0m  [1mCREATE EXTENSION IF NOT EXISTS "plpgsql"[0m
  [1m[35m (3.3ms)[0m  CREATE TABLE "applied_tos" ("id" serial primary key, "applied_to_date" timestamp, "jobthing_id" integer, "created_at" timestamp, "updated_at" timestamp) 
  [1m[36m (2.6ms)[0m  [1mCREATE TABLE "contacts" ("id" serial primary key, "first_name" character varying(255), "last_name" character varying(255), "phone_number" character varying(255), "email" character varying(255), "jobthing_id" integer, "created_at" timestamp, "updated_at" timestamp) [0m
  [1m[35m (1.8ms)[0m  CREATE TABLE "interviews" ("id" serial primary key, "interviewed_with" character varying(255), "interview_date" timestamp, "interview_time" timestamp, "jobthing_id" integer, "created_at" timestamp, "updated_at" timestamp) 
  [1m[36m (2.4ms)[0m  [1mCREATE TABLE "jobthings" ("id" serial primary key, "job_link" character varying(255), "company" character varying(255), "position" character varying(255), "user_id" integer, "created_at" timestamp, "updated_at" timestamp) [0m
  [1m[35m (1.6ms)[0m  CREATE TABLE "miscjobthings" ("id" serial primary key, "type" character varying(255), "jobthing_id" integer, "created_at" timestamp, "updated_at" timestamp) 
  [1m[36m (2.3ms)[0m  [1mCREATE TABLE "notes" ("id" serial primary key, "note" text, "phase_column" character varying(255), "user_id" integer, "jobthing_id" integer, "created_at" timestamp, "updated_at" timestamp) [0m
  [1m[35m (1.9ms)[0m  CREATE TABLE "outcomes" ("id" serial primary key, "jobthing_id" integer, "created_at" timestamp, "updated_at" timestamp) 
  [1m[36m (2.3ms)[0m  [1mCREATE TABLE "users" ("id" serial primary key, "first_name" character varying(255), "last_name" character varying(255), "email" character varying(255), "username" character varying(255), "password_hash" character varying(255), "created_at" timestamp, "updated_at" timestamp) [0m
  [1m[35m (0.7ms)[0m  CREATE TABLE "schema_migrations" ("version" character varying(255) NOT NULL) 
  [1m[36m (0.8ms)[0m  [1mCREATE UNIQUE INDEX  "unique_schema_migrations" ON "schema_migrations"  ("version")[0m
  [1m[35m (0.2ms)[0m  SELECT version FROM "schema_migrations"
  [1m[36m (0.4ms)[0m  [1mINSERT INTO "schema_migrations" (version) VALUES ('20140926174044')[0m
  [1m[35m (0.4ms)[0m  INSERT INTO "schema_migrations" (version) VALUES ('20140926172014')
  [1m[36m (0.3ms)[0m  [1mINSERT INTO "schema_migrations" (version) VALUES ('20140926173127')[0m
  [1m[35m (0.3ms)[0m  INSERT INTO "schema_migrations" (version) VALUES ('20140926173342')
  [1m[36m (0.3ms)[0m  [1mINSERT INTO "schema_migrations" (version) VALUES ('20140926173817')[0m
  [1m[35m (0.3ms)[0m  INSERT INTO "schema_migrations" (version) VALUES ('20140926173901')
  [1m[36m (0.3ms)[0m  [1mINSERT INTO "schema_migrations" (version) VALUES ('20140926174002')[0m
  [1m[35mActiveRecord::SchemaMigration Load (0.2ms)[0m  SELECT "schema_migrations".* FROM "schema_migrations"
  [1m[36mActiveRecord::SchemaMigration Load (0.3ms)[0m  [1mSELECT "schema_migrations".* FROM "schema_migrations"[0m
Migrating to CreateJobthings (20140926180833)
  [1m[35m (0.1ms)[0m  BEGIN
  [1m[36m (2.0ms)[0m  [1mCREATE TABLE "jobthings" ("id" serial primary key, "job_link" character varying(255), "company" character varying(255), "position" character varying(255), "user_id" integer, "created_at" timestamp, "updated_at" timestamp) [0m
PG::DuplicateTable: ERROR:  relation "jobthings" already exists
: CREATE TABLE "jobthings" ("id" serial primary key, "job_link" character varying(255), "company" character varying(255), "position" character varying(255), "user_id" integer, "created_at" timestamp, "updated_at" timestamp) 
  [1m[35m (0.2ms)[0m  ROLLBACK
  [1m[36m (1.6ms)[0m  [1mCREATE TABLE "schema_migrations" ("version" character varying(255) NOT NULL) [0m
  [1m[35m (1.0ms)[0m  CREATE UNIQUE INDEX  "unique_schema_migrations" ON "schema_migrations"  ("version")
  [1m[36mActiveRecord::SchemaMigration Load (0.2ms)[0m  [1mSELECT "schema_migrations".* FROM "schema_migrations"[0m
Migrating to CreateUsers (20140926172014)
  [1m[35m (0.1ms)[0m  BEGIN
  [1m[36m (2.6ms)[0m  [1mCREATE TABLE "users" ("id" serial primary key, "first_name" character varying(255), "last_name" character varying(255), "email" character varying(255), "username" character varying(255), "password_hash" character varying(255), "created_at" timestamp, "updated_at" timestamp) [0m
  [1m[35mSQL (0.4ms)[0m  INSERT INTO "schema_migrations" ("version") VALUES ($1)  [["version", "20140926172014"]]
  [1m[36m (0.3ms)[0m  [1mCOMMIT[0m
Migrating to CreateInterviews (20140926173127)
  [1m[35m (0.3ms)[0m  BEGIN
  [1m[36m (3.2ms)[0m  [1mCREATE TABLE "interviews" ("id" serial primary key, "interviewed_with" character varying(255), "interview_date" timestamp, "interview_time" timestamp, "jobthing_id" integer, "created_at" timestamp, "updated_at" timestamp) [0m
  [1m[35mSQL (0.2ms)[0m  INSERT INTO "schema_migrations" ("version") VALUES ($1)  [["version", "20140926173127"]]
  [1m[36m (0.4ms)[0m  [1mCOMMIT[0m
Migrating to CreateAppliedTos (20140926173342)
  [1m[35m (0.2ms)[0m  BEGIN
  [1m[36m (2.4ms)[0m  [1mCREATE TABLE "applied_tos" ("id" serial primary key, "applied_to_date" timestamp, "jobthing_id" integer, "created_at" timestamp, "updated_at" timestamp) [0m
  [1m[35mSQL (0.2ms)[0m  INSERT INTO "schema_migrations" ("version") VALUES ($1)  [["version", "20140926173342"]]
  [1m[36m (0.3ms)[0m  [1mCOMMIT[0m
Migrating to CreateOutcomes (20140926173817)
  [1m[35m (0.2ms)[0m  BEGIN
  [1m[36m (2.5ms)[0m  [1mCREATE TABLE "outcomes" ("id" serial primary key, "jobthing_id" integer, "created_at" timestamp, "updated_at" timestamp) [0m
  [1m[35mSQL (0.2ms)[0m  INSERT INTO "schema_migrations" ("version") VALUES ($1)  [["version", "20140926173817"]]
  [1m[36m (0.3ms)[0m  [1mCOMMIT[0m
Migrating to CreateContacts (20140926173901)
  [1m[35m (0.2ms)[0m  BEGIN
  [1m[36m (3.0ms)[0m  [1mCREATE TABLE "contacts" ("id" serial primary key, "first_name" character varying(255), "last_name" character varying(255), "phone_number" character varying(255), "email" character varying(255), "jobthing_id" integer, "created_at" timestamp, "updated_at" timestamp) [0m
  [1m[35mSQL (0.2ms)[0m  INSERT INTO "schema_migrations" ("version") VALUES ($1)  [["version", "20140926173901"]]
  [1m[36m (0.4ms)[0m  [1mCOMMIT[0m
Migrating to CreateMiscjobthings (20140926174002)
  [1m[35m (0.2ms)[0m  BEGIN
  [1m[36m (2.0ms)[0m  [1mCREATE TABLE "miscjobthings" ("id" serial primary key, "type" character varying(255), "jobthing_id" integer, "created_at" timestamp, "updated_at" timestamp) [0m
  [1m[35mSQL (0.1ms)[0m  INSERT INTO "schema_migrations" ("version") VALUES ($1)  [["version", "20140926174002"]]
  [1m[36m (0.3ms)[0m  [1mCOMMIT[0m
Migrating to CreateNotes (20140926174044)
  [1m[35m (0.2ms)[0m  BEGIN
  [1m[36m (2.5ms)[0m  [1mCREATE TABLE "notes" ("id" serial primary key, "note" text, "phase_column" character varying(255), "user_id" integer, "jobthing_id" integer, "created_at" timestamp, "updated_at" timestamp) [0m
  [1m[35mSQL (0.1ms)[0m  INSERT INTO "schema_migrations" ("version") VALUES ($1)  [["version", "20140926174044"]]
  [1m[36m (0.4ms)[0m  [1mCOMMIT[0m
Migrating to CreateJobthings (20140926180833)
  [1m[35m (0.2ms)[0m  BEGIN
  [1m[36m (2.7ms)[0m  [1mCREATE TABLE "jobthings" ("id" serial primary key, "job_link" character varying(255), "company" character varying(255), "position" character varying(255), "user_id" integer, "created_at" timestamp, "updated_at" timestamp) [0m
  [1m[35mSQL (0.2ms)[0m  INSERT INTO "schema_migrations" ("version") VALUES ($1)  [["version", "20140926180833"]]
  [1m[36m (0.3ms)[0m  [1mCOMMIT[0m
  [1m[35mActiveRecord::SchemaMigration Load (0.2ms)[0m  SELECT "schema_migrations".* FROM "schema_migrations"
  [1m[36mJobthing Load (0.4ms)[0m  [1mSELECT "jobthings".* FROM "jobthings"[0m
  [1m[35mUser Load (0.5ms)[0m  SELECT "users".* FROM "users"
  [1m[36mUser Load (0.7ms)[0m  [1mSELECT  "users".* FROM "users"   ORDER BY "users"."id" ASC LIMIT 1[0m
  [1m[35m (0.2ms)[0m  BEGIN
  [1m[36mSQL (6.2ms)[0m  [1mINSERT INTO "users" ("created_at", "updated_at") VALUES ($1, $2) RETURNING "id"[0m  [["created_at", "2014-09-26 18:10:57.476852"], ["updated_at", "2014-09-26 18:10:57.476852"]]
  [1m[35m (5.9ms)[0m  COMMIT
  [1m[36mUser Load (0.4ms)[0m  [1mSELECT  "users".* FROM "users"   ORDER BY "users"."id" ASC LIMIT 1[0m
  [1m[35mJobthing Load (0.1ms)[0m  SELECT "jobthings".* FROM "jobthings"  WHERE "jobthings"."user_id" = $1  [["user_id", 1]]
  [1m[36m (0.1ms)[0m  [1mBEGIN[0m
  [1m[35mSQL (0.4ms)[0m  INSERT INTO "jobthings" ("created_at", "updated_at") VALUES ($1, $2) RETURNING "id"  [["created_at", "2014-09-26 18:11:12.842887"], ["updated_at", "2014-09-26 18:11:12.842887"]]
  [1m[36m (0.2ms)[0m  [1mCOMMIT[0m
  [1m[35mJobthing Load (0.6ms)[0m  SELECT  "jobthings".* FROM "jobthings"   ORDER BY "jobthings"."id" ASC LIMIT 1
  [1m[36mInterview Load (0.3ms)[0m  [1mSELECT  "interviews".* FROM "interviews"  WHERE "interviews"."jobthing_id" = $1 LIMIT 1[0m  [["jobthing_id", 1]]
  [1m[35mJobthing Load (0.4ms)[0m  SELECT  "jobthings".* FROM "jobthings"   ORDER BY "jobthings"."id" ASC LIMIT 1
  [1m[36mJobthing Load (0.5ms)[0m  [1mSELECT  "jobthings".* FROM "jobthings"   ORDER BY "jobthings"."id" ASC LIMIT 1[0m
  [1m[35mJobthing Load (0.4ms)[0m  SELECT  "jobthings".* FROM "jobthings"   ORDER BY "jobthings"."id" ASC LIMIT 1
  [1m[36m (117.1ms)[0m  [1mDROP DATABASE IF EXISTS "JobThing_development"[0m
  [1m[35m (115.7ms)[0m  DROP DATABASE IF EXISTS "JobThing_test"
  [1m[36m (235.1ms)[0m  [1mCREATE DATABASE "JobThing_development" ENCODING = 'unicode'[0m
  [1m[35m (231.2ms)[0m  CREATE DATABASE "JobThing_test" ENCODING = 'unicode'
  [1m[36mSQL (0.2ms)[0m  [1mCREATE EXTENSION IF NOT EXISTS "plpgsql"[0m
  [1m[35m (3.2ms)[0m  CREATE TABLE "applied_tos" ("id" serial primary key, "applied_to_date" timestamp, "jobthing_id" integer, "created_at" timestamp, "updated_at" timestamp) 
  [1m[36m (2.6ms)[0m  [1mCREATE TABLE "contacts" ("id" serial primary key, "first_name" character varying(255), "last_name" character varying(255), "phone_number" character varying(255), "email" character varying(255), "jobthing_id" integer, "created_at" timestamp, "updated_at" timestamp) [0m
  [1m[35m (1.8ms)[0m  CREATE TABLE "interviews" ("id" serial primary key, "interviewed_with" character varying(255), "interview_date" timestamp, "interview_time" timestamp, "jobthing_id" integer, "created_at" timestamp, "updated_at" timestamp) 
  [1m[36m (2.3ms)[0m  [1mCREATE TABLE "jobthings" ("id" serial primary key, "job_link" character varying(255), "company" character varying(255), "position" character varying(255), "user_id" integer, "created_at" timestamp, "updated_at" timestamp) [0m
  [1m[35m (1.8ms)[0m  CREATE TABLE "miscjobthings" ("id" serial primary key, "type" character varying(255), "jobthing_id" integer, "created_at" timestamp, "updated_at" timestamp) 
  [1m[36m (2.4ms)[0m  [1mCREATE TABLE "notes" ("id" serial primary key, "note" text, "phase_column" character varying(255), "user_id" integer, "jobthing_id" integer, "created_at" timestamp, "updated_at" timestamp) [0m
  [1m[35m (2.2ms)[0m  CREATE TABLE "outcomes" ("id" serial primary key, "jobthing_id" integer, "created_at" timestamp, "updated_at" timestamp) 
  [1m[36m (2.4ms)[0m  [1mCREATE TABLE "users" ("id" serial primary key, "first_name" character varying(255), "last_name" character varying(255), "email" character varying(255), "username" character varying(255), "password_hash" character varying(255), "created_at" timestamp, "updated_at" timestamp) [0m
  [1m[35m (0.8ms)[0m  CREATE TABLE "schema_migrations" ("version" character varying(255) NOT NULL) 
  [1m[36m (1.0ms)[0m  [1mCREATE UNIQUE INDEX  "unique_schema_migrations" ON "schema_migrations"  ("version")[0m
  [1m[35m (0.3ms)[0m  SELECT version FROM "schema_migrations"
  [1m[36m (0.5ms)[0m  [1mINSERT INTO "schema_migrations" (version) VALUES ('20140926180833')[0m
  [1m[35m (0.4ms)[0m  INSERT INTO "schema_migrations" (version) VALUES ('20140926172014')
  [1m[36m (0.3ms)[0m  [1mINSERT INTO "schema_migrations" (version) VALUES ('20140926173127')[0m
  [1m[35m (0.3ms)[0m  INSERT INTO "schema_migrations" (version) VALUES ('20140926173817')
  [1m[36m (0.3ms)[0m  [1mINSERT INTO "schema_migrations" (version) VALUES ('20140926173901')[0m
  [1m[35m (0.3ms)[0m  INSERT INTO "schema_migrations" (version) VALUES ('20140926174002')
  [1m[36m (0.3ms)[0m  [1mINSERT INTO "schema_migrations" (version) VALUES ('20140926174044')[0m
  [1m[35mActiveRecord::SchemaMigration Load (0.2ms)[0m  SELECT "schema_migrations".* FROM "schema_migrations"
  [1m[36m (1.7ms)[0m  [1mCREATE TABLE "schema_migrations" ("version" character varying(255) NOT NULL) [0m
  [1m[35m (1.2ms)[0m  CREATE UNIQUE INDEX  "unique_schema_migrations" ON "schema_migrations"  ("version")
  [1m[36mActiveRecord::SchemaMigration Load (0.2ms)[0m  [1mSELECT "schema_migrations".* FROM "schema_migrations"[0m
Migrating to CreateUsers (20140926172014)
  [1m[35m (0.1ms)[0m  BEGIN
  [1m[36m (3.0ms)[0m  [1mCREATE TABLE "users" ("id" serial primary key, "first_name" character varying(255), "last_name" character varying(255), "email" character varying(255), "username" character varying(255), "password_hash" character varying(255), "created_at" timestamp, "updated_at" timestamp) [0m
  [1m[35mSQL (0.2ms)[0m  INSERT INTO "schema_migrations" ("version") VALUES ($1)  [["version", "20140926172014"]]
  [1m[36m (0.5ms)[0m  [1mCOMMIT[0m
Migrating to CreateInterviews (20140926173127)
  [1m[35m (0.3ms)[0m  BEGIN
  [1m[36m (1.8ms)[0m  [1mCREATE TABLE "interviews" ("id" serial primary key, "interviewed_with" character varying(255), "interview_date" timestamp, "interview_time" timestamp, "jobthing_id" integer, "created_at" timestamp, "updated_at" timestamp) [0m
  [1m[35mSQL (0.2ms)[0m  INSERT INTO "schema_migrations" ("version") VALUES ($1)  [["version", "20140926173127"]]
  [1m[36m (0.6ms)[0m  [1mCOMMIT[0m
Migrating to CreateOutcomes (20140926173817)
  [1m[35m (0.2ms)[0m  BEGIN
  [1m[36m (1.6ms)[0m  [1mCREATE TABLE "outcomes" ("id" serial primary key, "jobthing_id" integer, "created_at" timestamp, "updated_at" timestamp) [0m
  [1m[35mSQL (0.1ms)[0m  INSERT INTO "schema_migrations" ("version") VALUES ($1)  [["version", "20140926173817"]]
  [1m[36m (0.3ms)[0m  [1mCOMMIT[0m
Migrating to CreateContacts (20140926173901)
  [1m[35m (0.1ms)[0m  BEGIN
  [1m[36m (2.0ms)[0m  [1mCREATE TABLE "contacts" ("id" serial primary key, "first_name" character varying(255), "last_name" character varying(255), "phone_number" character varying(255), "email" character varying(255), "jobthing_id" integer, "created_at" timestamp, "updated_at" timestamp) [0m
  [1m[35mSQL (0.1ms)[0m  INSERT INTO "schema_migrations" ("version") VALUES ($1)  [["version", "20140926173901"]]
  [1m[36m (0.3ms)[0m  [1mCOMMIT[0m
Migrating to CreateMiscjobthings (20140926174002)
  [1m[35m (0.2ms)[0m  BEGIN
  [1m[36m (1.4ms)[0m  [1mCREATE TABLE "miscjobthings" ("id" serial primary key, "type" character varying(255), "jobthing_id" integer, "created_at" timestamp, "updated_at" timestamp) [0m
  [1m[35mSQL (0.1ms)[0m  INSERT INTO "schema_migrations" ("version") VALUES ($1)  [["version", "20140926174002"]]
  [1m[36m (0.3ms)[0m  [1mCOMMIT[0m
Migrating to CreateNotes (20140926174044)
  [1m[35m (0.2ms)[0m  BEGIN
  [1m[36m (1.9ms)[0m  [1mCREATE TABLE "notes" ("id" serial primary key, "note" text, "phase_column" character varying(255), "user_id" integer, "jobthing_id" integer, "created_at" timestamp, "updated_at" timestamp) [0m
  [1m[35mSQL (0.1ms)[0m  INSERT INTO "schema_migrations" ("version") VALUES ($1)  [["version", "20140926174044"]]
  [1m[36m (0.3ms)[0m  [1mCOMMIT[0m
Migrating to CreateJobthings (20140926180833)
  [1m[35m (0.2ms)[0m  BEGIN
  [1m[36m (2.1ms)[0m  [1mCREATE TABLE "jobthings" ("id" serial primary key, "job_link" character varying(255), "company" character varying(255), "position" character varying(255), "user_id" integer, "created_at" timestamp, "updated_at" timestamp) [0m
  [1m[35mSQL (0.1ms)[0m  INSERT INTO "schema_migrations" ("version") VALUES ($1)  [["version", "20140926180833"]]
  [1m[36m (0.3ms)[0m  [1mCOMMIT[0m
Migrating to CreateAppliedtos (20140926181232)
  [1m[35m (0.1ms)[0m  BEGIN
  [1m[36m (1.6ms)[0m  [1mCREATE TABLE "appliedtos" ("id" serial primary key, "applied_to_date" timestamp, "jobthing_id" integer, "created_at" timestamp, "updated_at" timestamp) [0m
  [1m[35mSQL (0.1ms)[0m  INSERT INTO "schema_migrations" ("version") VALUES ($1)  [["version", "20140926181232"]]
  [1m[36m (0.3ms)[0m  [1mCOMMIT[0m
  [1m[35mActiveRecord::SchemaMigration Load (0.1ms)[0m  SELECT "schema_migrations".* FROM "schema_migrations"
  [1m[36mAppliedto Load (0.6ms)[0m  [1mSELECT "appliedtos".* FROM "appliedtos"[0m
  [1m[35m (0.1ms)[0m  BEGIN
  [1m[36mSQL (0.5ms)[0m  [1mINSERT INTO "jobthings" ("created_at", "updated_at") VALUES ($1, $2) RETURNING "id"[0m  [["created_at", "2014-09-26 18:14:02.973656"], ["updated_at", "2014-09-26 18:14:02.973656"]]
  [1m[35m (0.3ms)[0m  COMMIT
  [1m[36mJobthing Load (0.7ms)[0m  [1mSELECT  "jobthings".* FROM "jobthings"   ORDER BY "jobthings"."id" ASC LIMIT 1[0m
  [1m[36m (1.7ms)[0m  [1mCREATE TABLE "schema_migrations" ("version" character varying(255) NOT NULL) [0m
  [1m[35m (1.3ms)[0m  CREATE UNIQUE INDEX  "unique_schema_migrations" ON "schema_migrations"  ("version")
  [1m[36mActiveRecord::SchemaMigration Load (0.3ms)[0m  [1mSELECT "schema_migrations".* FROM "schema_migrations"[0m
Migrating to CreateUsers (20140926172014)
  [1m[35m (0.1ms)[0m  BEGIN
  [1m[36m (3.2ms)[0m  [1mCREATE TABLE "users" ("id" serial primary key, "first_name" character varying(255), "last_name" character varying(255), "email" character varying(255), "username" character varying(255), "password_hash" character varying(255), "created_at" timestamp, "updated_at" timestamp) [0m
  [1m[35mSQL (0.3ms)[0m  INSERT INTO "schema_migrations" ("version") VALUES ($1)  [["version", "20140926172014"]]
  [1m[36m (0.5ms)[0m  [1mCOMMIT[0m
Migrating to CreateInterviews (20140926173127)
  [1m[35m (0.3ms)[0m  BEGIN
  [1m[36m (2.1ms)[0m  [1mCREATE TABLE "interviews" ("id" serial primary key, "interviewed_with" character varying(255), "interview_date" timestamp, "interview_time" timestamp, "jobthing_id" integer, "created_at" timestamp, "updated_at" timestamp) [0m
  [1m[35mSQL (0.1ms)[0m  INSERT INTO "schema_migrations" ("version") VALUES ($1)  [["version", "20140926173127"]]
  [1m[36m (0.4ms)[0m  [1mCOMMIT[0m
Migrating to CreateOutcomes (20140926173817)
  [1m[35m (0.2ms)[0m  BEGIN
  [1m[36m (2.0ms)[0m  [1mCREATE TABLE "outcomes" ("id" serial primary key, "jobthing_id" integer, "created_at" timestamp, "updated_at" timestamp) [0m
  [1m[35mSQL (0.1ms)[0m  INSERT INTO "schema_migrations" ("version") VALUES ($1)  [["version", "20140926173817"]]
  [1m[36m (0.3ms)[0m  [1mCOMMIT[0m
Migrating to CreateContacts (20140926173901)
  [1m[35m (0.2ms)[0m  BEGIN
  [1m[36m (2.7ms)[0m  [1mCREATE TABLE "contacts" ("id" serial primary key, "first_name" character varying(255), "last_name" character varying(255), "phone_number" character varying(255), "email" character varying(255), "jobthing_id" integer, "created_at" timestamp, "updated_at" timestamp) [0m
  [1m[35mSQL (0.1ms)[0m  INSERT INTO "schema_migrations" ("version") VALUES ($1)  [["version", "20140926173901"]]
  [1m[36m (0.4ms)[0m  [1mCOMMIT[0m
Migrating to CreateMiscjobthings (20140926174002)
  [1m[35m (0.2ms)[0m  BEGIN
  [1m[36m (1.7ms)[0m  [1mCREATE TABLE "miscjobthings" ("id" serial primary key, "type" character varying(255), "jobthing_id" integer, "created_at" timestamp, "updated_at" timestamp) [0m
  [1m[35mSQL (0.1ms)[0m  INSERT INTO "schema_migrations" ("version") VALUES ($1)  [["version", "20140926174002"]]
  [1m[36m (0.3ms)[0m  [1mCOMMIT[0m
Migrating to CreateNotes (20140926174044)
  [1m[35m (0.2ms)[0m  BEGIN
  [1m[36m (2.2ms)[0m  [1mCREATE TABLE "notes" ("id" serial primary key, "note" text, "phase_column" character varying(255), "user_id" integer, "jobthing_id" integer, "created_at" timestamp, "updated_at" timestamp) [0m
  [1m[35mSQL (0.1ms)[0m  INSERT INTO "schema_migrations" ("version") VALUES ($1)  [["version", "20140926174044"]]
  [1m[36m (0.3ms)[0m  [1mCOMMIT[0m
Migrating to CreateJobthings (20140926180833)
  [1m[35m (0.2ms)[0m  BEGIN
  [1m[36m (8.5ms)[0m  [1mCREATE TABLE "jobthings" ("id" serial primary key, "job_link" character varying(255), "company" character varying(255), "position" character varying(255), "user_id" integer, "created_at" timestamp, "updated_at" timestamp) [0m
  [1m[35mSQL (0.2ms)[0m  INSERT INTO "schema_migrations" ("version") VALUES ($1)  [["version", "20140926180833"]]
  [1m[36m (6.4ms)[0m  [1mCOMMIT[0m
Migrating to CreateApplieds (20140926181454)
  [1m[35m (6.0ms)[0m  BEGIN
  [1m[36m (6.7ms)[0m  [1mCREATE TABLE "applieds" ("id" serial primary key, "jobthing_id" integer, "created_at" timestamp, "updated_at" timestamp) [0m
  [1m[35mSQL (0.1ms)[0m  INSERT INTO "schema_migrations" ("version") VALUES ($1)  [["version", "20140926181454"]]
  [1m[36m (0.3ms)[0m  [1mCOMMIT[0m
  [1m[35mActiveRecord::SchemaMigration Load (0.1ms)[0m  SELECT "schema_migrations".* FROM "schema_migrations"
  [1m[36m (0.1ms)[0m  [1mBEGIN[0m
  [1m[35mSQL (0.5ms)[0m  INSERT INTO "jobthings" ("created_at", "updated_at") VALUES ($1, $2) RETURNING "id"  [["created_at", "2014-09-26 18:16:47.911941"], ["updated_at", "2014-09-26 18:16:47.911941"]]
  [1m[36m (0.3ms)[0m  [1mCOMMIT[0m
  [1m[35mJobthing Load (0.8ms)[0m  SELECT  "jobthings".* FROM "jobthings"   ORDER BY "jobthings"."id" ASC LIMIT 1
  [1m[36m (1.8ms)[0m  [1mCREATE TABLE "schema_migrations" ("version" character varying(255) NOT NULL) [0m
  [1m[35m (1.4ms)[0m  CREATE UNIQUE INDEX  "unique_schema_migrations" ON "schema_migrations"  ("version")
  [1m[36mActiveRecord::SchemaMigration Load (0.2ms)[0m  [1mSELECT "schema_migrations".* FROM "schema_migrations"[0m
Migrating to CreateUsers (20140926172014)
  [1m[35m (0.1ms)[0m  BEGIN
  [1m[36m (2.9ms)[0m  [1mCREATE TABLE "users" ("id" serial primary key, "first_name" character varying(255), "last_name" character varying(255), "email" character varying(255), "username" character varying(255), "password_hash" character varying(255), "created_at" timestamp, "updated_at" timestamp) [0m
  [1m[35mSQL (0.2ms)[0m  INSERT INTO "schema_migrations" ("version") VALUES ($1)  [["version", "20140926172014"]]
  [1m[36m (0.5ms)[0m  [1mCOMMIT[0m
Migrating to CreateInterviews (20140926173127)
  [1m[35m (0.3ms)[0m  BEGIN
  [1m[36m (2.1ms)[0m  [1mCREATE TABLE "interviews" ("id" serial primary key, "interviewed_with" character varying(255), "interview_date" timestamp, "interview_time" timestamp, "jobthing_id" integer, "created_at" timestamp, "updated_at" timestamp) [0m
  [1m[35mSQL (0.2ms)[0m  INSERT INTO "schema_migrations" ("version") VALUES ($1)  [["version", "20140926173127"]]
  [1m[36m (0.4ms)[0m  [1mCOMMIT[0m
Migrating to CreateOutcomes (20140926173817)
  [1m[35m (0.2ms)[0m  BEGIN
  [1m[36m (1.6ms)[0m  [1mCREATE TABLE "outcomes" ("id" serial primary key, "jobthing_id" integer, "created_at" timestamp, "updated_at" timestamp) [0m
  [1m[35mSQL (0.1ms)[0m  INSERT INTO "schema_migrations" ("version") VALUES ($1)  [["version", "20140926173817"]]
  [1m[36m (0.3ms)[0m  [1mCOMMIT[0m
Migrating to CreateContacts (20140926173901)
  [1m[35m (0.2ms)[0m  BEGIN
  [1m[36m (2.4ms)[0m  [1mCREATE TABLE "contacts" ("id" serial primary key, "first_name" character varying(255), "last_name" character varying(255), "phone_number" character varying(255), "email" character varying(255), "jobthing_id" integer, "created_at" timestamp, "updated_at" timestamp) [0m
  [1m[35mSQL (0.1ms)[0m  INSERT INTO "schema_migrations" ("version") VALUES ($1)  [["version", "20140926173901"]]
  [1m[36m (0.3ms)[0m  [1mCOMMIT[0m
Migrating to CreateMiscjobthings (20140926174002)
  [1m[35m (0.2ms)[0m  BEGIN
  [1m[36m (1.4ms)[0m  [1mCREATE TABLE "miscjobthings" ("id" serial primary key, "type" character varying(255), "jobthing_id" integer, "created_at" timestamp, "updated_at" timestamp) [0m
  [1m[35mSQL (0.1ms)[0m  INSERT INTO "schema_migrations" ("version") VALUES ($1)  [["version", "20140926174002"]]
  [1m[36m (0.3ms)[0m  [1mCOMMIT[0m
Migrating to CreateNotes (20140926174044)
  [1m[35m (0.1ms)[0m  BEGIN
  [1m[36m (2.1ms)[0m  [1mCREATE TABLE "notes" ("id" serial primary key, "note" text, "phase_column" character varying(255), "user_id" integer, "jobthing_id" integer, "created_at" timestamp, "updated_at" timestamp) [0m
  [1m[35mSQL (0.1ms)[0m  INSERT INTO "schema_migrations" ("version") VALUES ($1)  [["version", "20140926174044"]]
  [1m[36m (0.3ms)[0m  [1mCOMMIT[0m
Migrating to CreateJobthings (20140926180833)
  [1m[35m (0.2ms)[0m  BEGIN
  [1m[36m (2.2ms)[0m  [1mCREATE TABLE "jobthings" ("id" serial primary key, "job_link" character varying(255), "company" character varying(255), "position" character varying(255), "user_id" integer, "created_at" timestamp, "updated_at" timestamp) [0m
  [1m[35mSQL (0.1ms)[0m  INSERT INTO "schema_migrations" ("version") VALUES ($1)  [["version", "20140926180833"]]
  [1m[36m (0.3ms)[0m  [1mCOMMIT[0m
Migrating to CreateApplieds (20140926181454)
  [1m[35m (0.1ms)[0m  BEGIN
  [1m[36m (1.4ms)[0m  [1mCREATE TABLE "applieds" ("id" serial primary key, "jobthing_id" integer, "created_at" timestamp, "updated_at" timestamp) [0m
  [1m[35mSQL (0.1ms)[0m  INSERT INTO "schema_migrations" ("version") VALUES ($1)  [["version", "20140926181454"]]
  [1m[36m (0.3ms)[0m  [1mCOMMIT[0m
  [1m[35mActiveRecord::SchemaMigration Load (0.1ms)[0m  SELECT "schema_migrations".* FROM "schema_migrations"
  [1m[36m (0.1ms)[0m  [1mBEGIN[0m
  [1m[35mSQL (0.6ms)[0m  INSERT INTO "jobthings" ("created_at", "updated_at") VALUES ($1, $2) RETURNING "id"  [["created_at", "2014-09-26 18:17:24.957576"], ["updated_at", "2014-09-26 18:17:24.957576"]]
  [1m[36m (0.3ms)[0m  [1mCOMMIT[0m
  [1m[35mJobthing Load (0.8ms)[0m  SELECT  "jobthings".* FROM "jobthings"   ORDER BY "jobthings"."id" ASC LIMIT 1
  [1m[36mApplied Load (0.5ms)[0m  [1mSELECT "applieds".* FROM "applieds"[0m
  [1m[35mJobthing Load (0.4ms)[0m  SELECT  "jobthings".* FROM "jobthings"   ORDER BY "jobthings"."id" ASC LIMIT 1
  [1m[36m (1.7ms)[0m  [1mCREATE TABLE "schema_migrations" ("version" character varying(255) NOT NULL) [0m
  [1m[35m (1.0ms)[0m  CREATE UNIQUE INDEX  "unique_schema_migrations" ON "schema_migrations"  ("version")
  [1m[36mActiveRecord::SchemaMigration Load (0.2ms)[0m  [1mSELECT "schema_migrations".* FROM "schema_migrations"[0m
Migrating to CreateUsers (20140926172014)
  [1m[35m (0.1ms)[0m  BEGIN
  [1m[36m (2.7ms)[0m  [1mCREATE TABLE "users" ("id" serial primary key, "first_name" character varying(255), "last_name" character varying(255), "email" character varying(255), "username" character varying(255), "password_hash" character varying(255), "created_at" timestamp, "updated_at" timestamp) [0m
  [1m[35mSQL (0.2ms)[0m  INSERT INTO "schema_migrations" ("version") VALUES ($1)  [["version", "20140926172014"]]
  [1m[36m (0.4ms)[0m  [1mCOMMIT[0m
Migrating to CreateInterviews (20140926173127)
  [1m[35m (0.2ms)[0m  BEGIN
  [1m[36m (1.7ms)[0m  [1mCREATE TABLE "interviews" ("id" serial primary key, "interviewed_with" character varying(255), "interview_date" timestamp, "interview_time" timestamp, "jobthing_id" integer, "created_at" timestamp, "updated_at" timestamp) [0m
  [1m[35mSQL (0.1ms)[0m  INSERT INTO "schema_migrations" ("version") VALUES ($1)  [["version", "20140926173127"]]
  [1m[36m (0.4ms)[0m  [1mCOMMIT[0m
Migrating to CreateOutcomes (20140926173817)
  [1m[35m (0.2ms)[0m  BEGIN
  [1m[36m (1.6ms)[0m  [1mCREATE TABLE "outcomes" ("id" serial primary key, "jobthing_id" integer, "created_at" timestamp, "updated_at" timestamp) [0m
  [1m[35mSQL (0.1ms)[0m  INSERT INTO "schema_migrations" ("version") VALUES ($1)  [["version", "20140926173817"]]
  [1m[36m (0.3ms)[0m  [1mCOMMIT[0m
Migrating to CreateContacts (20140926173901)
  [1m[35m (0.2ms)[0m  BEGIN
  [1m[36m (2.4ms)[0m  [1mCREATE TABLE "contacts" ("id" serial primary key, "first_name" character varying(255), "last_name" character varying(255), "phone_number" character varying(255), "email" character varying(255), "jobthing_id" integer, "created_at" timestamp, "updated_at" timestamp) [0m
  [1m[35mSQL (0.1ms)[0m  INSERT INTO "schema_migrations" ("version") VALUES ($1)  [["version", "20140926173901"]]
  [1m[36m (0.3ms)[0m  [1mCOMMIT[0m
Migrating to CreateMiscjobthings (20140926174002)
  [1m[35m (0.2ms)[0m  BEGIN
  [1m[36m (1.5ms)[0m  [1mCREATE TABLE "miscjobthings" ("id" serial primary key, "type" character varying(255), "jobthing_id" integer, "created_at" timestamp, "updated_at" timestamp) [0m
  [1m[35mSQL (0.1ms)[0m  INSERT INTO "schema_migrations" ("version") VALUES ($1)  [["version", "20140926174002"]]
  [1m[36m (0.3ms)[0m  [1mCOMMIT[0m
Migrating to CreateNotes (20140926174044)
  [1m[35m (0.2ms)[0m  BEGIN
  [1m[36m (2.2ms)[0m  [1mCREATE TABLE "notes" ("id" serial primary key, "note" text, "phase_column" character varying(255), "user_id" integer, "jobthing_id" integer, "created_at" timestamp, "updated_at" timestamp) [0m
  [1m[35mSQL (0.1ms)[0m  INSERT INTO "schema_migrations" ("version") VALUES ($1)  [["version", "20140926174044"]]
  [1m[36m (0.3ms)[0m  [1mCOMMIT[0m
Migrating to CreateJobthings (20140926180833)
  [1m[35m (0.2ms)[0m  BEGIN
  [1m[36m (2.3ms)[0m  [1mCREATE TABLE "jobthings" ("id" serial primary key, "job_link" character varying(255), "company" character varying(255), "position" character varying(255), "user_id" integer, "created_at" timestamp, "updated_at" timestamp) [0m
  [1m[35mSQL (0.1ms)[0m  INSERT INTO "schema_migrations" ("version") VALUES ($1)  [["version", "20140926180833"]]
  [1m[36m (0.3ms)[0m  [1mCOMMIT[0m
Migrating to CreateApplieds (20140926181454)
  [1m[35m (0.2ms)[0m  BEGIN
  [1m[36m (1.5ms)[0m  [1mCREATE TABLE "applieds" ("id" serial primary key, "jobthing_id" integer, "created_at" timestamp, "updated_at" timestamp) [0m
  [1m[35mSQL (0.1ms)[0m  INSERT INTO "schema_migrations" ("version") VALUES ($1)  [["version", "20140926181454"]]
  [1m[36m (0.2ms)[0m  [1mCOMMIT[0m
  [1m[35mActiveRecord::SchemaMigration Load (0.1ms)[0m  SELECT "schema_migrations".* FROM "schema_migrations"
  [1m[36mApplied Load (0.4ms)[0m  [1mSELECT "applieds".* FROM "applieds"[0m
  [1m[35m (0.1ms)[0m  BEGIN
  [1m[36mSQL (0.8ms)[0m  [1mINSERT INTO "jobthings" ("created_at", "updated_at") VALUES ($1, $2) RETURNING "id"[0m  [["created_at", "2014-09-26 18:18:36.823262"], ["updated_at", "2014-09-26 18:18:36.823262"]]
  [1m[35m (0.4ms)[0m  COMMIT
  [1m[36mJobthing Load (0.7ms)[0m  [1mSELECT  "jobthings".* FROM "jobthings"   ORDER BY "jobthings"."id" ASC LIMIT 1[0m
  [1m[35mApplied Load (0.2ms)[0m  SELECT  "applieds".* FROM "applieds"  WHERE "applieds"."jobthing_id" = $1 LIMIT 1  [["jobthing_id", 1]]
  [1m[36mJobthing Load (0.5ms)[0m  [1mSELECT  "jobthings".* FROM "jobthings"   ORDER BY "jobthings"."id" ASC LIMIT 1[0m
  [1m[35mContact Load (0.3ms)[0m  SELECT "contacts".* FROM "contacts"  WHERE "contacts"."jobthing_id" = $1  [["jobthing_id", 1]]
  [1m[36mJobthing Load (0.6ms)[0m  [1mSELECT  "jobthings".* FROM "jobthings"   ORDER BY "jobthings"."id" ASC LIMIT 1[0m
  [1m[35mMiscjobthing Load (0.3ms)[0m  SELECT  "miscjobthings".* FROM "miscjobthings"  WHERE "miscjobthings"."jobthing_id" = $1 LIMIT 1  [["jobthing_id", 1]]
  [1m[36mJobthing Load (0.5ms)[0m  [1mSELECT  "jobthings".* FROM "jobthings"   ORDER BY "jobthings"."id" ASC LIMIT 1[0m
  [1m[35mNote Load (0.3ms)[0m  SELECT "notes".* FROM "notes"  WHERE "notes"."jobthing_id" = $1  [["jobthing_id", 1]]
  [1m[36mJobthing Load (0.5ms)[0m  [1mSELECT  "jobthings".* FROM "jobthings"   ORDER BY "jobthings"."id" ASC LIMIT 1[0m
  [1m[35mApplied Load (0.3ms)[0m  SELECT  "applieds".* FROM "applieds"  WHERE "applieds"."jobthing_id" = $1 LIMIT 1  [["jobthing_id", 1]]
  [1m[36mJobthing Load (0.5ms)[0m  [1mSELECT  "jobthings".* FROM "jobthings"   ORDER BY "jobthings"."id" ASC LIMIT 1[0m
  [1m[35mApplied Load (0.3ms)[0m  SELECT  "applieds".* FROM "applieds"  WHERE "applieds"."jobthing_id" = $1 LIMIT 1  [["jobthing_id", 1]]
  [1m[36mJobthing Load (0.4ms)[0m  [1mSELECT  "jobthings".* FROM "jobthings"   ORDER BY "jobthings"."id" ASC LIMIT 1[0m
  [1m[35mApplied Load (0.3ms)[0m  SELECT  "applieds".* FROM "applieds"  WHERE "applieds"."jobthing_id" = $1 LIMIT 1  [["jobthing_id", 1]]
  [1m[36m (0.1ms)[0m  [1mBEGIN[0m
  [1m[35mSQL (0.3ms)[0m  INSERT INTO "applieds" ("created_at", "updated_at") VALUES ($1, $2) RETURNING "id"  [["created_at", "2014-09-26 18:19:50.217687"], ["updated_at", "2014-09-26 18:19:50.217687"]]
  [1m[36m (0.2ms)[0m  [1mCOMMIT[0m
  [1m[35mJobthing Load (0.4ms)[0m  SELECT  "jobthings".* FROM "jobthings"   ORDER BY "jobthings"."id" ASC LIMIT 1
  [1m[36mApplied Load (0.4ms)[0m  [1mSELECT  "applieds".* FROM "applieds"  WHERE "applieds"."jobthing_id" = $1 LIMIT 1[0m  [["jobthing_id", 1]]
  [1m[35mJobthing Load (0.5ms)[0m  SELECT  "jobthings".* FROM "jobthings"   ORDER BY "jobthings"."id" ASC LIMIT 1
  [1m[36m (0.1ms)[0m  [1mBEGIN[0m
  [1m[35mSQL (0.3ms)[0m  INSERT INTO "applieds" ("created_at", "updated_at") VALUES ($1, $2) RETURNING "id"  [["created_at", "2014-09-26 18:20:10.309926"], ["updated_at", "2014-09-26 18:20:10.309926"]]
  [1m[36m (0.8ms)[0m  [1mCOMMIT[0m
  [1m[35mApplied Load (0.2ms)[0m  SELECT  "applieds".* FROM "applieds"  WHERE "applieds"."jobthing_id" = $1 LIMIT 1  [["jobthing_id", 1]]
  [1m[36m (0.1ms)[0m  [1mBEGIN[0m
  [1m[35mSQL (0.2ms)[0m  UPDATE "applieds" SET "jobthing_id" = $1, "updated_at" = $2 WHERE "applieds"."id" = 2  [["jobthing_id", 1], ["updated_at", "2014-09-26 18:20:10.315416"]]
  [1m[36m (6.0ms)[0m  [1mCOMMIT[0m
  [1m[35mJobthing Load (0.4ms)[0m  SELECT  "jobthings".* FROM "jobthings"   ORDER BY "jobthings"."id" ASC LIMIT 1
  [1m[36mApplied Load (0.3ms)[0m  [1mSELECT  "applieds".* FROM "applieds"  WHERE "applieds"."jobthing_id" = $1 LIMIT 1[0m  [["jobthing_id", 1]]
  [1m[35mJobthing Load (0.5ms)[0m  SELECT  "jobthings".* FROM "jobthings"   ORDER BY "jobthings"."id" ASC LIMIT 1
  [1m[36mMiscjobthing Load (0.3ms)[0m  [1mSELECT  "miscjobthings".* FROM "miscjobthings"  WHERE "miscjobthings"."jobthing_id" = $1 LIMIT 1[0m  [["jobthing_id", 1]]
  [1m[35mJobthing Load (0.4ms)[0m  SELECT  "jobthings".* FROM "jobthings"   ORDER BY "jobthings"."id" ASC LIMIT 1
  [1m[36m (0.1ms)[0m  [1mBEGIN[0m
  [1m[35mSQL (0.5ms)[0m  INSERT INTO "miscjobthings" ("created_at", "updated_at") VALUES ($1, $2) RETURNING "id"  [["created_at", "2014-09-26 18:20:40.317034"], ["updated_at", "2014-09-26 18:20:40.317034"]]
  [1m[36m (0.2ms)[0m  [1mCOMMIT[0m
  [1m[35mMiscjobthing Load (0.2ms)[0m  SELECT  "miscjobthings".* FROM "miscjobthings"  WHERE "miscjobthings"."jobthing_id" = $1 LIMIT 1  [["jobthing_id", 1]]
  [1m[36m (0.1ms)[0m  [1mBEGIN[0m
  [1m[35mSQL (0.2ms)[0m  UPDATE "miscjobthings" SET "jobthing_id" = $1, "updated_at" = $2 WHERE "miscjobthings"."id" = 1  [["jobthing_id", 1], ["updated_at", "2014-09-26 18:20:40.324360"]]
  [1m[36m (0.2ms)[0m  [1mCOMMIT[0m
  [1m[35mJobthing Load (0.5ms)[0m  SELECT  "jobthings".* FROM "jobthings"   ORDER BY "jobthings"."id" ASC LIMIT 1
  [1m[36mMiscjobthing Load (0.3ms)[0m  [1mSELECT  "miscjobthings".* FROM "miscjobthings"  WHERE "miscjobthings"."jobthing_id" = $1 LIMIT 1[0m  [["jobthing_id", 1]]
  [1m[36mJobthing Load (0.4ms)[0m  [1mSELECT  "jobthings".* FROM "jobthings"   ORDER BY "jobthings"."id" ASC LIMIT 1[0m
  [1m[35mOutcome Load (0.4ms)[0m  SELECT  "outcomes".* FROM "outcomes"  WHERE "outcomes"."jobthing_id" = $1 LIMIT 1  [["jobthing_id", 1]]
  [1m[36m (1.5ms)[0m  [1mCREATE TABLE "schema_migrations" ("version" character varying(255) NOT NULL) [0m
  [1m[35m (1.0ms)[0m  CREATE UNIQUE INDEX  "unique_schema_migrations" ON "schema_migrations"  ("version")
  [1m[36mActiveRecord::SchemaMigration Load (0.2ms)[0m  [1mSELECT "schema_migrations".* FROM "schema_migrations"[0m
Migrating to CreateUsers (20140926172014)
  [1m[35m (0.1ms)[0m  BEGIN
  [1m[36m (2.6ms)[0m  [1mCREATE TABLE "users" ("id" serial primary key, "first_name" character varying(255), "last_name" character varying(255), "email" character varying(255), "username" character varying(255), "password_hash" character varying(255), "created_at" timestamp, "updated_at" timestamp) [0m
  [1m[35mSQL (0.2ms)[0m  INSERT INTO "schema_migrations" ("version") VALUES ($1)  [["version", "20140926172014"]]
  [1m[36m (0.4ms)[0m  [1mCOMMIT[0m
Migrating to CreateInterviews (20140926173127)
  [1m[35m (0.2ms)[0m  BEGIN
  [1m[36m (1.7ms)[0m  [1mCREATE TABLE "interviews" ("id" serial primary key, "interviewed_with" character varying(255), "interview_date" timestamp, "interview_time" timestamp, "jobthing_id" integer, "created_at" timestamp, "updated_at" timestamp) [0m
  [1m[35mSQL (0.1ms)[0m  INSERT INTO "schema_migrations" ("version") VALUES ($1)  [["version", "20140926173127"]]
  [1m[36m (0.4ms)[0m  [1mCOMMIT[0m
Migrating to CreateOutcomes (20140926173817)
  [1m[35m (0.2ms)[0m  BEGIN
  [1m[36m (1.6ms)[0m  [1mCREATE TABLE "outcomes" ("id" serial primary key, "jobthing_id" integer, "success" boolean DEFAULT 'f', "created_at" timestamp, "updated_at" timestamp) [0m
  [1m[35mSQL (0.1ms)[0m  INSERT INTO "schema_migrations" ("version") VALUES ($1)  [["version", "20140926173817"]]
  [1m[36m (0.6ms)[0m  [1mCOMMIT[0m
Migrating to CreateContacts (20140926173901)
  [1m[35m (0.2ms)[0m  BEGIN
  [1m[36m (2.7ms)[0m  [1mCREATE TABLE "contacts" ("id" serial primary key, "first_name" character varying(255), "last_name" character varying(255), "phone_number" character varying(255), "email" character varying(255), "jobthing_id" integer, "created_at" timestamp, "updated_at" timestamp) [0m
  [1m[35mSQL (0.1ms)[0m  INSERT INTO "schema_migrations" ("version") VALUES ($1)  [["version", "20140926173901"]]
  [1m[36m (0.4ms)[0m  [1mCOMMIT[0m
Migrating to CreateMiscjobthings (20140926174002)
  [1m[35m (0.2ms)[0m  BEGIN
  [1m[36m (1.7ms)[0m  [1mCREATE TABLE "miscjobthings" ("id" serial primary key, "type" character varying(255), "jobthing_id" integer, "created_at" timestamp, "updated_at" timestamp) [0m
  [1m[35mSQL (0.1ms)[0m  INSERT INTO "schema_migrations" ("version") VALUES ($1)  [["version", "20140926174002"]]
  [1m[36m (0.3ms)[0m  [1mCOMMIT[0m
Migrating to CreateNotes (20140926174044)
  [1m[35m (0.1ms)[0m  BEGIN
  [1m[36m (2.5ms)[0m  [1mCREATE TABLE "notes" ("id" serial primary key, "note" text, "phase_column" character varying(255), "user_id" integer, "jobthing_id" integer, "created_at" timestamp, "updated_at" timestamp) [0m
  [1m[35mSQL (0.1ms)[0m  INSERT INTO "schema_migrations" ("version") VALUES ($1)  [["version", "20140926174044"]]
  [1m[36m (0.3ms)[0m  [1mCOMMIT[0m
Migrating to CreateJobthings (20140926180833)
  [1m[35m (0.2ms)[0m  BEGIN
  [1m[36m (2.6ms)[0m  [1mCREATE TABLE "jobthings" ("id" serial primary key, "job_link" character varying(255), "company" character varying(255), "position" character varying(255), "user_id" integer, "created_at" timestamp, "updated_at" timestamp) [0m
  [1m[35mSQL (0.1ms)[0m  INSERT INTO "schema_migrations" ("version") VALUES ($1)  [["version", "20140926180833"]]
  [1m[36m (0.2ms)[0m  [1mCOMMIT[0m
Migrating to CreateApplieds (20140926181454)
  [1m[35m (0.1ms)[0m  BEGIN
  [1m[36m (1.5ms)[0m  [1mCREATE TABLE "applieds" ("id" serial primary key, "jobthing_id" integer, "created_at" timestamp, "updated_at" timestamp) [0m
  [1m[35mSQL (0.1ms)[0m  INSERT INTO "schema_migrations" ("version") VALUES ($1)  [["version", "20140926181454"]]
  [1m[36m (0.3ms)[0m  [1mCOMMIT[0m
  [1m[35mActiveRecord::SchemaMigration Load (0.1ms)[0m  SELECT "schema_migrations".* FROM "schema_migrations"
  [1m[36m (0.2ms)[0m  [1mBEGIN[0m
  [1m[35mSQL (0.7ms)[0m  INSERT INTO "jobthings" ("created_at", "updated_at") VALUES ($1, $2) RETURNING "id"  [["created_at", "2014-09-26 18:22:14.533389"], ["updated_at", "2014-09-26 18:22:14.533389"]]
  [1m[36m (0.3ms)[0m  [1mCOMMIT[0m
  [1m[35mJobthing Load (0.8ms)[0m  SELECT  "jobthings".* FROM "jobthings"   ORDER BY "jobthings"."id" ASC LIMIT 1
  [1m[36mOutcome Load (0.3ms)[0m  [1mSELECT  "outcomes".* FROM "outcomes"  WHERE "outcomes"."jobthing_id" = $1 LIMIT 1[0m  [["jobthing_id", 1]]
  [1m[35mJobthing Load (0.5ms)[0m  SELECT  "jobthings".* FROM "jobthings"   ORDER BY "jobthings"."id" ASC LIMIT 1
  [1m[36m (0.1ms)[0m  [1mBEGIN[0m
  [1m[35mSQL (0.4ms)[0m  INSERT INTO "outcomes" ("created_at", "updated_at") VALUES ($1, $2) RETURNING "id"  [["created_at", "2014-09-26 18:22:46.917048"], ["updated_at", "2014-09-26 18:22:46.917048"]]
  [1m[36m (0.2ms)[0m  [1mCOMMIT[0m
  [1m[35mOutcome Load (0.2ms)[0m  SELECT  "outcomes".* FROM "outcomes"  WHERE "outcomes"."jobthing_id" = $1 LIMIT 1  [["jobthing_id", 1]]
  [1m[36m (0.1ms)[0m  [1mBEGIN[0m
  [1m[35mSQL (0.2ms)[0m  UPDATE "outcomes" SET "jobthing_id" = $1, "updated_at" = $2 WHERE "outcomes"."id" = 1  [["jobthing_id", 1], ["updated_at", "2014-09-26 18:22:46.923935"]]
  [1m[36m (0.2ms)[0m  [1mCOMMIT[0m
  [1m[35mJobthing Load (0.4ms)[0m  SELECT  "jobthings".* FROM "jobthings"   ORDER BY "jobthings"."id" ASC LIMIT 1
  [1m[36mOutcome Load (0.3ms)[0m  [1mSELECT  "outcomes".* FROM "outcomes"  WHERE "outcomes"."jobthing_id" = $1 LIMIT 1[0m  [["jobthing_id", 1]]
  [1m[35mJobthing Load (0.5ms)[0m  SELECT  "jobthings".* FROM "jobthings"   ORDER BY "jobthings"."id" ASC LIMIT 1
  [1m[36mOutcome Load (0.3ms)[0m  [1mSELECT  "outcomes".* FROM "outcomes"  WHERE "outcomes"."jobthing_id" = $1 LIMIT 1[0m  [["jobthing_id", 1]]
  [1m[35mJobthing Load (0.5ms)[0m  SELECT  "jobthings".* FROM "jobthings"   ORDER BY "jobthings"."id" ASC LIMIT 1
  [1m[36mContact Load (0.2ms)[0m  [1mSELECT "contacts".* FROM "contacts"  WHERE "contacts"."jobthing_id" = $1[0m  [["jobthing_id", 1]]
  [1m[35mJobthing Load (0.4ms)[0m  SELECT  "jobthings".* FROM "jobthings"   ORDER BY "jobthings"."id" ASC LIMIT 1
  [1m[36m (0.1ms)[0m  [1mBEGIN[0m
  [1m[35mSQL (0.3ms)[0m  INSERT INTO "contacts" ("created_at", "jobthing_id", "updated_at") VALUES ($1, $2, $3) RETURNING "id"  [["created_at", "2014-09-26 18:23:11.000837"], ["jobthing_id", 1], ["updated_at", "2014-09-26 18:23:11.000837"]]
  [1m[36m (0.3ms)[0m  [1mCOMMIT[0m
  [1m[35mContact Load (0.2ms)[0m  SELECT "contacts".* FROM "contacts"  WHERE "contacts"."jobthing_id" = $1  [["jobthing_id", 1]]
  [1m[36mJobthing Load (0.4ms)[0m  [1mSELECT  "jobthings".* FROM "jobthings"   ORDER BY "jobthings"."id" ASC LIMIT 1[0m
  [1m[35m (0.2ms)[0m  BEGIN
  [1m[36mSQL (0.2ms)[0m  [1mINSERT INTO "contacts" ("created_at", "updated_at") VALUES ($1, $2) RETURNING "id"[0m  [["created_at", "2014-09-26 18:23:16.449582"], ["updated_at", "2014-09-26 18:23:16.449582"]]
  [1m[35m (0.8ms)[0m  COMMIT
  [1m[36m (0.1ms)[0m  [1mBEGIN[0m
  [1m[35mSQL (0.2ms)[0m  UPDATE "contacts" SET "jobthing_id" = $1, "updated_at" = $2 WHERE "contacts"."id" = 2  [["jobthing_id", 1], ["updated_at", "2014-09-26 18:23:16.452251"]]
  [1m[36m (0.2ms)[0m  [1mCOMMIT[0m
  [1m[35mContact Load (0.2ms)[0m  SELECT "contacts".* FROM "contacts"  WHERE "contacts"."jobthing_id" = $1  [["jobthing_id", 1]]
  [1m[36mJobthing Load (0.5ms)[0m  [1mSELECT  "jobthings".* FROM "jobthings"   ORDER BY "jobthings"."id" ASC LIMIT 1[0m
  [1m[35mContact Load (0.3ms)[0m  SELECT "contacts".* FROM "contacts"  WHERE "contacts"."jobthing_id" = $1  [["jobthing_id", 1]]
  [1m[36mJobthing Load (0.5ms)[0m  [1mSELECT  "jobthings".* FROM "jobthings"   ORDER BY "jobthings"."id" ASC LIMIT 1[0m
  [1m[35mNote Load (0.2ms)[0m  SELECT "notes".* FROM "notes"  WHERE "notes"."jobthing_id" = $1  [["jobthing_id", 1]]
  [1m[36mJobthing Load (0.5ms)[0m  [1mSELECT  "jobthings".* FROM "jobthings"   ORDER BY "jobthings"."id" ASC LIMIT 1[0m
  [1m[35m (0.1ms)[0m  BEGIN
  [1m[36mSQL (0.3ms)[0m  [1mINSERT INTO "notes" ("created_at", "updated_at") VALUES ($1, $2) RETURNING "id"[0m  [["created_at", "2014-09-26 18:23:36.394060"], ["updated_at", "2014-09-26 18:23:36.394060"]]
  [1m[35m (0.3ms)[0m  COMMIT
  [1m[36m (0.1ms)[0m  [1mBEGIN[0m
  [1m[35mSQL (0.2ms)[0m  UPDATE "notes" SET "jobthing_id" = $1, "updated_at" = $2 WHERE "notes"."id" = 1  [["jobthing_id", 1], ["updated_at", "2014-09-26 18:23:36.400532"]]
  [1m[36m (0.3ms)[0m  [1mCOMMIT[0m
  [1m[35mNote Load (0.1ms)[0m  SELECT "notes".* FROM "notes"  WHERE "notes"."jobthing_id" = $1  [["jobthing_id", 1]]
  [1m[36mJobthing Load (0.4ms)[0m  [1mSELECT  "jobthings".* FROM "jobthings"   ORDER BY "jobthings"."id" ASC LIMIT 1[0m
  [1m[35mNote Load (0.3ms)[0m  SELECT "notes".* FROM "notes"  WHERE "notes"."jobthing_id" = $1  [["jobthing_id", 1]]
  [1m[36m (25.2ms)[0m  [1mCREATE TABLE "schema_migrations" ("version" character varying(255) NOT NULL) [0m
  [1m[35m (2.6ms)[0m  CREATE UNIQUE INDEX  "unique_schema_migrations" ON "schema_migrations"  ("version")
  [1m[36mActiveRecord::SchemaMigration Load (0.5ms)[0m  [1mSELECT "schema_migrations".* FROM "schema_migrations"[0m
Migrating to CreateUsers (20140926172014)
  [1m[35m (0.2ms)[0m  BEGIN
  [1m[36m (19.3ms)[0m  [1mCREATE TABLE "users" ("id" serial primary key, "first_name" character varying(255), "last_name" character varying(255), "email" character varying(255), "username" character varying(255), "password_hash" character varying(255), "created_at" timestamp, "updated_at" timestamp) [0m
  [1m[35mSQL (6.8ms)[0m  INSERT INTO "schema_migrations" ("version") VALUES ($1)  [["version", "20140926172014"]]
  [1m[36m (5.1ms)[0m  [1mCOMMIT[0m
Migrating to CreateInterviews (20140926173127)
  [1m[35m (1.0ms)[0m  BEGIN
  [1m[36m (2.7ms)[0m  [1mCREATE TABLE "interviews" ("id" serial primary key, "interviewed_with" character varying(255), "interview_date" timestamp, "interview_time" timestamp, "jobthing_id" integer, "created_at" timestamp, "updated_at" timestamp) [0m
  [1m[35mSQL (0.9ms)[0m  INSERT INTO "schema_migrations" ("version") VALUES ($1)  [["version", "20140926173127"]]
  [1m[36m (0.6ms)[0m  [1mCOMMIT[0m
Migrating to CreateOutcomes (20140926173817)
  [1m[35m (0.6ms)[0m  BEGIN
  [1m[36m (9.1ms)[0m  [1mCREATE TABLE "outcomes" ("id" serial primary key, "jobthing_id" integer, "success" boolean DEFAULT 'f', "created_at" timestamp, "updated_at" timestamp) [0m
  [1m[35mSQL (0.2ms)[0m  INSERT INTO "schema_migrations" ("version") VALUES ($1)  [["version", "20140926173817"]]
  [1m[36m (4.6ms)[0m  [1mCOMMIT[0m
Migrating to CreateContacts (20140926173901)
  [1m[35m (0.9ms)[0m  BEGIN
  [1m[36m (5.3ms)[0m  [1mCREATE TABLE "contacts" ("id" serial primary key, "first_name" character varying(255), "last_name" character varying(255), "phone_number" character varying(255), "email" character varying(255), "jobthing_id" integer, "created_at" timestamp, "updated_at" timestamp) [0m
  [1m[35mSQL (0.2ms)[0m  INSERT INTO "schema_migrations" ("version") VALUES ($1)  [["version", "20140926173901"]]
  [1m[36m (0.5ms)[0m  [1mCOMMIT[0m
Migrating to CreateMiscjobthings (20140926174002)
  [1m[35m (0.9ms)[0m  BEGIN
  [1m[36m (2.3ms)[0m  [1mCREATE TABLE "miscjobthings" ("id" serial primary key, "type" character varying(255), "jobthing_id" integer, "created_at" timestamp, "updated_at" timestamp) [0m
  [1m[35mSQL (0.2ms)[0m  INSERT INTO "schema_migrations" ("version") VALUES ($1)  [["version", "20140926174002"]]
  [1m[36m (0.4ms)[0m  [1mCOMMIT[0m
Migrating to CreateNotes (20140926174044)
  [1m[35m (0.6ms)[0m  BEGIN
  [1m[36m (5.8ms)[0m  [1mCREATE TABLE "notes" ("id" serial primary key, "note" text, "phase_column" character varying(255), "user_id" integer, "jobthing_id" integer, "created_at" timestamp, "updated_at" timestamp) [0m
  [1m[35mSQL (0.2ms)[0m  INSERT INTO "schema_migrations" ("version") VALUES ($1)  [["version", "20140926174044"]]
  [1m[36m (0.4ms)[0m  [1mCOMMIT[0m
Migrating to CreateJobthings (20140926180833)
  [1m[35m (0.6ms)[0m  BEGIN
  [1m[36m (3.7ms)[0m  [1mCREATE TABLE "jobthings" ("id" serial primary key, "job_link" character varying(255), "company" character varying(255), "position" character varying(255), "user_id" integer, "created_at" timestamp, "updated_at" timestamp) [0m
  [1m[35mSQL (0.2ms)[0m  INSERT INTO "schema_migrations" ("version") VALUES ($1)  [["version", "20140926180833"]]
  [1m[36m (0.4ms)[0m  [1mCOMMIT[0m
Migrating to CreateApplieds (20140926181454)
  [1m[35m (0.9ms)[0m  BEGIN
  [1m[36m (2.6ms)[0m  [1mCREATE TABLE "applieds" ("id" serial primary key, "jobthing_id" integer, "created_at" timestamp, "updated_at" timestamp) [0m
  [1m[35mSQL (0.2ms)[0m  INSERT INTO "schema_migrations" ("version") VALUES ($1)  [["version", "20140926181454"]]
  [1m[36m (0.4ms)[0m  [1mCOMMIT[0m
  [1m[35mActiveRecord::SchemaMigration Load (0.3ms)[0m  SELECT "schema_migrations".* FROM "schema_migrations"
  [1m[36mUser Load (0.6ms)[0m  [1mSELECT "users".* FROM "users"[0m
  [1m[35m (0.1ms)[0m  BEGIN
  [1m[36mSQL (1.3ms)[0m  [1mINSERT INTO "users" ("created_at", "updated_at") VALUES ($1, $2) RETURNING "id"[0m  [["created_at", "2014-09-26 18:57:32.871157"], ["updated_at", "2014-09-26 18:57:32.871157"]]
  [1m[35m (0.8ms)[0m  COMMIT
  [1m[36mUser Load (1.1ms)[0m  [1mSELECT  "users".* FROM "users"   ORDER BY "users"."id" ASC LIMIT 1[0m
  [1m[35mUser Load (0.6ms)[0m  SELECT  "users".* FROM "users"   ORDER BY "users"."id" ASC LIMIT 1
  [1m[36mUser Load (0.5ms)[0m  [1mSELECT  "users".* FROM "users"   ORDER BY "users"."id" ASC LIMIT 1[0m
  [1m[35mUser Load (0.5ms)[0m  SELECT  "users".* FROM "users"   ORDER BY "users"."id" ASC LIMIT 1
  [1m[36mJobthing Load (0.4ms)[0m  [1mSELECT "jobthings".* FROM "jobthings"  WHERE "jobthings"."user_id" = $1[0m  [["user_id", 1]]
  [1m[35mUser Load (0.7ms)[0m  SELECT  "users".* FROM "users"   ORDER BY "users"."id" ASC LIMIT 1
  [1m[36m (0.2ms)[0m  [1mBEGIN[0m
  [1m[35mSQL (7.0ms)[0m  INSERT INTO "jobthings" ("created_at", "updated_at", "user_id") VALUES ($1, $2, $3) RETURNING "id"  [["created_at", "2014-09-26 18:57:59.340757"], ["updated_at", "2014-09-26 18:57:59.340757"], ["user_id", 1]]
  [1m[36m (6.3ms)[0m  [1mCOMMIT[0m
  [1m[35mUser Load (0.7ms)[0m  SELECT  "users".* FROM "users"   ORDER BY "users"."id" ASC LIMIT 1
  [1m[36mJobthing Load (0.4ms)[0m  [1mSELECT  "jobthings".* FROM "jobthings"  WHERE "jobthings"."user_id" = $1  ORDER BY "jobthings"."id" ASC LIMIT 1[0m  [["user_id", 1]]
  [1m[35mUser Load (0.8ms)[0m  SELECT  "users".* FROM "users"   ORDER BY "users"."id" ASC LIMIT 1
  [1m[36mJobthing Load (0.4ms)[0m  [1mSELECT  "jobthings".* FROM "jobthings"  WHERE "jobthings"."user_id" = $1  ORDER BY "jobthings"."id" ASC LIMIT 1[0m  [["user_id", 1]]
  [1m[35mInterview Load (0.3ms)[0m  SELECT  "interviews".* FROM "interviews"  WHERE "interviews"."jobthing_id" = $1 LIMIT 1  [["jobthing_id", 1]]
  [1m[36mUser Load (0.8ms)[0m  [1mSELECT  "users".* FROM "users"   ORDER BY "users"."id" ASC LIMIT 1[0m
  [1m[35mJobthing Load (0.4ms)[0m  SELECT  "jobthings".* FROM "jobthings"  WHERE "jobthings"."user_id" = $1  ORDER BY "jobthings"."id" ASC LIMIT 1  [["user_id", 1]]
  [1m[36mInterview Load (0.3ms)[0m  [1mSELECT  "interviews".* FROM "interviews"  WHERE "interviews"."jobthing_id" = $1 LIMIT 1[0m  [["jobthing_id", 1]]
  [1m[35mUser Load (0.6ms)[0m  SELECT  "users".* FROM "users"   ORDER BY "users"."id" ASC LIMIT 1
  [1m[36mJobthing Load (0.4ms)[0m  [1mSELECT  "jobthings".* FROM "jobthings"  WHERE "jobthings"."user_id" = $1  ORDER BY "jobthings"."id" ASC LIMIT 1[0m  [["user_id", 1]]
  [1m[35m (0.1ms)[0m  BEGIN
  [1m[36mSQL (1.2ms)[0m  [1mINSERT INTO "interviews" ("created_at", "updated_at") VALUES ($1, $2) RETURNING "id"[0m  [["created_at", "2014-09-26 18:58:18.342764"], ["updated_at", "2014-09-26 18:58:18.342764"]]
  [1m[35m (1.6ms)[0m  COMMIT
  [1m[36mInterview Load (0.3ms)[0m  [1mSELECT  "interviews".* FROM "interviews"  WHERE "interviews"."jobthing_id" = $1 LIMIT 1[0m  [["jobthing_id", 1]]
  [1m[35m (0.1ms)[0m  BEGIN
  [1m[36mSQL (0.3ms)[0m  [1mUPDATE "interviews" SET "jobthing_id" = $1, "updated_at" = $2 WHERE "interviews"."id" = 1[0m  [["jobthing_id", 1], ["updated_at", "2014-09-26 18:58:18.355217"]]
  [1m[35m (0.4ms)[0m  COMMIT
  [1m[36m (122.8ms)[0m  [1mDROP DATABASE IF EXISTS "JobThing_development"[0m
  [1m[35m (116.7ms)[0m  DROP DATABASE IF EXISTS "JobThing_test"
  [1m[36m (522.5ms)[0m  [1mCREATE DATABASE "JobThing_development" ENCODING = 'unicode'[0m
  [1m[35m (509.0ms)[0m  CREATE DATABASE "JobThing_test" ENCODING = 'unicode'
  [1m[36mSQL (0.9ms)[0m  [1mCREATE EXTENSION IF NOT EXISTS "plpgsql"[0m
  [1m[35m (6.4ms)[0m  CREATE TABLE "applieds" ("id" serial primary key, "jobthing_id" integer, "created_at" timestamp, "updated_at" timestamp) 
  [1m[36m (4.2ms)[0m  [1mCREATE TABLE "contacts" ("id" serial primary key, "first_name" character varying(255), "last_name" character varying(255), "phone_number" character varying(255), "email" character varying(255), "jobthing_id" integer, "created_at" timestamp, "updated_at" timestamp) [0m
  [1m[35m (2.6ms)[0m  CREATE TABLE "interviews" ("id" serial primary key, "interviewed_with" character varying(255), "interview_date" timestamp, "interview_time" timestamp, "jobthing_id" integer, "created_at" timestamp, "updated_at" timestamp) 
  [1m[36m (4.2ms)[0m  [1mCREATE TABLE "jobthings" ("id" serial primary key, "job_link" character varying(255), "company" character varying(255), "position" character varying(255), "user_id" integer, "created_at" timestamp, "updated_at" timestamp) [0m
  [1m[35m (2.5ms)[0m  CREATE TABLE "miscjobthings" ("id" serial primary key, "type" character varying(255), "jobthing_id" integer, "created_at" timestamp, "updated_at" timestamp) 
  [1m[36m (4.1ms)[0m  [1mCREATE TABLE "notes" ("id" serial primary key, "note" text, "phase_column" character varying(255), "user_id" integer, "jobthing_id" integer, "created_at" timestamp, "updated_at" timestamp) [0m
  [1m[35m (2.7ms)[0m  CREATE TABLE "outcomes" ("id" serial primary key, "jobthing_id" integer, "success" boolean DEFAULT 'f', "created_at" timestamp, "updated_at" timestamp) 
  [1m[36m (4.0ms)[0m  [1mCREATE TABLE "users" ("id" serial primary key, "first_name" character varying(255), "last_name" character varying(255), "email" character varying(255), "username" character varying(255), "password_hash" character varying(255), "created_at" timestamp, "updated_at" timestamp) [0m
  [1m[35m (0.9ms)[0m  CREATE TABLE "schema_migrations" ("version" character varying(255) NOT NULL) 
  [1m[36m (1.7ms)[0m  [1mCREATE UNIQUE INDEX  "unique_schema_migrations" ON "schema_migrations"  ("version")[0m
  [1m[35m (0.4ms)[0m  SELECT version FROM "schema_migrations"
  [1m[36m (0.5ms)[0m  [1mINSERT INTO "schema_migrations" (version) VALUES ('20140926181454')[0m
  [1m[35m (1.1ms)[0m  INSERT INTO "schema_migrations" (version) VALUES ('20140926172014')
  [1m[36m (0.3ms)[0m  [1mINSERT INTO "schema_migrations" (version) VALUES ('20140926173127')[0m
  [1m[35m (0.3ms)[0m  INSERT INTO "schema_migrations" (version) VALUES ('20140926173817')
  [1m[36m (0.3ms)[0m  [1mINSERT INTO "schema_migrations" (version) VALUES ('20140926173901')[0m
  [1m[35m (0.3ms)[0m  INSERT INTO "schema_migrations" (version) VALUES ('20140926174002')
  [1m[36m (0.3ms)[0m  [1mINSERT INTO "schema_migrations" (version) VALUES ('20140926174044')[0m
  [1m[35m (0.3ms)[0m  INSERT INTO "schema_migrations" (version) VALUES ('20140926180833')
  [1m[36mActiveRecord::SchemaMigration Load (0.2ms)[0m  [1mSELECT "schema_migrations".* FROM "schema_migrations"[0m
  [1m[36m (0.2ms)[0m  [1mBEGIN[0m
  [1m[35mUser Exists (0.9ms)[0m  SELECT  1 AS one FROM "users"  WHERE "users"."username" = '123' LIMIT 1
  [1m[36mUser Exists (0.3ms)[0m  [1mSELECT  1 AS one FROM "users"  WHERE "users"."email" = '123' LIMIT 1[0m
  [1m[35m (0.2ms)[0m  ROLLBACK
  [1m[36mUser Load (0.5ms)[0m  [1mSELECT "users".* FROM "users"[0m
  [1m[35mUser Load (0.7ms)[0m  SELECT "users".* FROM "users"
  [1m[36m (0.3ms)[0m  [1mBEGIN[0m
  [1m[35mUser Exists (0.5ms)[0m  SELECT  1 AS one FROM "users"  WHERE "users"."username" = '123' LIMIT 1
  [1m[36mUser Exists (0.4ms)[0m  [1mSELECT  1 AS one FROM "users"  WHERE "users"."email" = '123@123.com' LIMIT 1[0m
  [1m[35m (0.2ms)[0m  ROLLBACK
  [1m[36m (0.2ms)[0m  [1mBEGIN[0m
  [1m[35mUser Exists (0.4ms)[0m  SELECT  1 AS one FROM "users"  WHERE "users"."username" = '123' LIMIT 1
  [1m[36mUser Exists (0.4ms)[0m  [1mSELECT  1 AS one FROM "users"  WHERE "users"."email" IS NULL LIMIT 1[0m
  [1m[35m (0.2ms)[0m  ROLLBACK
  [1m[36m (0.2ms)[0m  [1mBEGIN[0m
  [1m[35mUser Exists (0.4ms)[0m  SELECT  1 AS one FROM "users"  WHERE "users"."username" IS NULL LIMIT 1
  [1m[36mUser Exists (0.4ms)[0m  [1mSELECT  1 AS one FROM "users"  WHERE "users"."email" = '123@123.com' LIMIT 1[0m
  [1m[35m (0.3ms)[0m  ROLLBACK
  [1m[36m (0.1ms)[0m  [1mBEGIN[0m
  [1m[35m (0.2ms)[0m  ROLLBACK
  [1m[36m (0.2ms)[0m  [1mBEGIN[0m
  [1m[35m (0.3ms)[0m  ROLLBACK
  [1m[36m (0.1ms)[0m  [1mBEGIN[0m
  [1m[35m (0.1ms)[0m  ROLLBACK
  [1m[36m (0.2ms)[0m  [1mBEGIN[0m
  [1m[35mSQL (1.9ms)[0m  INSERT INTO "notes" ("created_at", "note", "updated_at") VALUES ($1, $2, $3) RETURNING "id"  [["created_at", "2014-09-26 19:16:21.976765"], ["note", "123"], ["updated_at", "2014-09-26 19:16:21.976765"]]
  [1m[36m (0.6ms)[0m  [1mCOMMIT[0m
  [1m[35m (0.1ms)[0m  BEGIN
  [1m[36m (0.1ms)[0m  [1mROLLBACK[0m
  [1m[35mMiscjobthing Load (0.6ms)[0m  SELECT "miscjobthings".* FROM "miscjobthings"
  [1m[36m (0.2ms)[0m  [1mBEGIN[0m
  [1m[35m (0.2ms)[0m  ROLLBACK
  [1m[36m (120.1ms)[0m  [1mDROP DATABASE IF EXISTS "JobThing_development"[0m
  [1m[35m (117.2ms)[0m  DROP DATABASE IF EXISTS "JobThing_test"
  [1m[36m (549.2ms)[0m  [1mCREATE DATABASE "JobThing_development" ENCODING = 'unicode'[0m
  [1m[35m (536.1ms)[0m  CREATE DATABASE "JobThing_test" ENCODING = 'unicode'
  [1m[36mSQL (0.4ms)[0m  [1mCREATE EXTENSION IF NOT EXISTS "plpgsql"[0m
  [1m[35m (8.8ms)[0m  CREATE TABLE "applieds" ("id" serial primary key, "jobthing_id" integer, "created_at" timestamp, "updated_at" timestamp) 
  [1m[36m (6.7ms)[0m  [1mCREATE TABLE "contacts" ("id" serial primary key, "first_name" character varying(255), "last_name" character varying(255), "phone_number" character varying(255), "email" character varying(255), "jobthing_id" integer, "created_at" timestamp, "updated_at" timestamp) [0m
  [1m[35m (2.7ms)[0m  CREATE TABLE "interviews" ("id" serial primary key, "interviewed_with" character varying(255), "interview_date" timestamp, "interview_time" timestamp, "jobthing_id" integer, "created_at" timestamp, "updated_at" timestamp) 
  [1m[36m (3.8ms)[0m  [1mCREATE TABLE "jobthings" ("id" serial primary key, "job_link" character varying(255), "company" character varying(255), "position" character varying(255), "user_id" integer, "created_at" timestamp, "updated_at" timestamp) [0m
  [1m[35m (2.6ms)[0m  CREATE TABLE "miscjobthings" ("id" serial primary key, "type" character varying(255), "jobthing_id" integer, "created_at" timestamp, "updated_at" timestamp) 
  [1m[36m (4.8ms)[0m  [1mCREATE TABLE "notes" ("id" serial primary key, "note" text, "phase_column" character varying(255), "user_id" integer, "jobthing_id" integer, "created_at" timestamp, "updated_at" timestamp) [0m
  [1m[35m (3.9ms)[0m  CREATE TABLE "outcomes" ("id" serial primary key, "jobthing_id" integer, "success" boolean DEFAULT 'f', "created_at" timestamp, "updated_at" timestamp) 
  [1m[36m (4.0ms)[0m  [1mCREATE TABLE "users" ("id" serial primary key, "first_name" character varying(255), "last_name" character varying(255), "email" character varying(255), "username" character varying(255), "password_hash" character varying(255), "created_at" timestamp, "updated_at" timestamp) [0m
  [1m[35m (0.9ms)[0m  CREATE TABLE "schema_migrations" ("version" character varying(255) NOT NULL) 
  [1m[36m (1.7ms)[0m  [1mCREATE UNIQUE INDEX  "unique_schema_migrations" ON "schema_migrations"  ("version")[0m
  [1m[35m (0.3ms)[0m  SELECT version FROM "schema_migrations"
  [1m[36m (0.5ms)[0m  [1mINSERT INTO "schema_migrations" (version) VALUES ('20140926181454')[0m
  [1m[35m (0.9ms)[0m  INSERT INTO "schema_migrations" (version) VALUES ('20140926172014')
  [1m[36m (0.3ms)[0m  [1mINSERT INTO "schema_migrations" (version) VALUES ('20140926173127')[0m
  [1m[35m (0.3ms)[0m  INSERT INTO "schema_migrations" (version) VALUES ('20140926173817')
  [1m[36m (0.3ms)[0m  [1mINSERT INTO "schema_migrations" (version) VALUES ('20140926173901')[0m
  [1m[35m (0.3ms)[0m  INSERT INTO "schema_migrations" (version) VALUES ('20140926174002')
  [1m[36m (0.3ms)[0m  [1mINSERT INTO "schema_migrations" (version) VALUES ('20140926174044')[0m
  [1m[35m (0.3ms)[0m  INSERT INTO "schema_migrations" (version) VALUES ('20140926180833')
  [1m[36mActiveRecord::SchemaMigration Load (0.2ms)[0m  [1mSELECT "schema_migrations".* FROM "schema_migrations"[0m
  [1m[36m (117.9ms)[0m  [1mDROP DATABASE IF EXISTS "JobThing_development"[0m
  [1m[35m (117.0ms)[0m  DROP DATABASE IF EXISTS "JobThing_test"
  [1m[36m (516.4ms)[0m  [1mCREATE DATABASE "JobThing_development" ENCODING = 'unicode'[0m
  [1m[35m (509.8ms)[0m  CREATE DATABASE "JobThing_test" ENCODING = 'unicode'
  [1m[36mSQL (0.3ms)[0m  [1mCREATE EXTENSION IF NOT EXISTS "plpgsql"[0m
  [1m[35m (6.1ms)[0m  CREATE TABLE "applieds" ("id" serial primary key, "jobthing_id" integer, "created_at" timestamp, "updated_at" timestamp) 
  [1m[36m (5.1ms)[0m  [1mCREATE TABLE "contacts" ("id" serial primary key, "first_name" character varying(255), "last_name" character varying(255), "phone_number" character varying(255), "email" character varying(255), "jobthing_id" integer, "created_at" timestamp, "updated_at" timestamp) [0m
  [1m[35m (2.6ms)[0m  CREATE TABLE "interviews" ("id" serial primary key, "interviewed_with" character varying(255), "interview_date" timestamp, "interview_time" timestamp, "jobthing_id" integer, "created_at" timestamp, "updated_at" timestamp) 
  [1m[36m (3.9ms)[0m  [1mCREATE TABLE "jobthings" ("id" serial primary key, "job_link" character varying(255), "company" character varying(255), "position" character varying(255), "user_id" integer, "created_at" timestamp, "updated_at" timestamp) [0m
  [1m[35m (2.9ms)[0m  CREATE TABLE "miscjobthings" ("id" serial primary key, "type" character varying(255), "jobthing_id" integer, "created_at" timestamp, "updated_at" timestamp) 
  [1m[36m (4.0ms)[0m  [1mCREATE TABLE "notes" ("id" serial primary key, "note" text, "phase_column" character varying(255), "user_id" integer, "jobthing_id" integer, "created_at" timestamp, "updated_at" timestamp) [0m
  [1m[35m (2.9ms)[0m  CREATE TABLE "outcomes" ("id" serial primary key, "jobthing_id" integer, "success" boolean DEFAULT 'f', "created_at" timestamp, "updated_at" timestamp) 
  [1m[36m (5.2ms)[0m  [1mCREATE TABLE "users" ("id" serial primary key, "first_name" character varying(255), "last_name" character varying(255), "email" character varying(255), "username" character varying(255), "password_hash" character varying(255), "created_at" timestamp, "updated_at" timestamp) [0m
  [1m[35m (0.8ms)[0m  CREATE TABLE "schema_migrations" ("version" character varying(255) NOT NULL) 
  [1m[36m (1.7ms)[0m  [1mCREATE UNIQUE INDEX  "unique_schema_migrations" ON "schema_migrations"  ("version")[0m
  [1m[35m (0.4ms)[0m  SELECT version FROM "schema_migrations"
  [1m[36m (0.5ms)[0m  [1mINSERT INTO "schema_migrations" (version) VALUES ('20140926181454')[0m
  [1m[35m (1.0ms)[0m  INSERT INTO "schema_migrations" (version) VALUES ('20140926172014')
  [1m[36m (0.3ms)[0m  [1mINSERT INTO "schema_migrations" (version) VALUES ('20140926173127')[0m
  [1m[35m (0.3ms)[0m  INSERT INTO "schema_migrations" (version) VALUES ('20140926173817')
  [1m[36m (0.3ms)[0m  [1mINSERT INTO "schema_migrations" (version) VALUES ('20140926173901')[0m
  [1m[35m (0.3ms)[0m  INSERT INTO "schema_migrations" (version) VALUES ('20140926174002')
  [1m[36m (0.3ms)[0m  [1mINSERT INTO "schema_migrations" (version) VALUES ('20140926174044')[0m
  [1m[35m (0.3ms)[0m  INSERT INTO "schema_migrations" (version) VALUES ('20140926180833')
  [1m[36mActiveRecord::SchemaMigration Load (0.2ms)[0m  [1mSELECT "schema_migrations".* FROM "schema_migrations"[0m
  [1m[36m (0.1ms)[0m  [1mBEGIN[0m
  [1m[35m (0.2ms)[0m  ROLLBACK
  [1m[36mMiscjobthing Load (0.9ms)[0m  [1mSELECT "miscjobthings".* FROM "miscjobthings"[0m
  [1m[36m (119.1ms)[0m  [1mDROP DATABASE IF EXISTS "JobThing_development"[0m
  [1m[35m (117.7ms)[0m  DROP DATABASE IF EXISTS "JobThing_test"
  [1m[36m (526.4ms)[0m  [1mCREATE DATABASE "JobThing_development" ENCODING = 'unicode'[0m
  [1m[35m (509.1ms)[0m  CREATE DATABASE "JobThing_test" ENCODING = 'unicode'
  [1m[36mSQL (0.4ms)[0m  [1mCREATE EXTENSION IF NOT EXISTS "plpgsql"[0m
  [1m[35m (6.1ms)[0m  CREATE TABLE "applieds" ("id" serial primary key, "jobthing_id" integer, "created_at" timestamp, "updated_at" timestamp) 
  [1m[36m (5.4ms)[0m  [1mCREATE TABLE "contacts" ("id" serial primary key, "first_name" character varying(255), "last_name" character varying(255), "phone_number" character varying(255), "email" character varying(255), "jobthing_id" integer, "created_at" timestamp, "updated_at" timestamp) [0m
  [1m[35m (2.6ms)[0m  CREATE TABLE "interviews" ("id" serial primary key, "interviewed_with" character varying(255), "interview_date" timestamp, "interview_time" timestamp, "jobthing_id" integer, "created_at" timestamp, "updated_at" timestamp) 
  [1m[36m (3.7ms)[0m  [1mCREATE TABLE "jobthings" ("id" serial primary key, "job_link" character varying(255), "company" character varying(255), "position" character varying(255), "user_id" integer, "created_at" timestamp, "updated_at" timestamp) [0m
  [1m[35m (2.9ms)[0m  CREATE TABLE "miscjobthings" ("id" serial primary key, "type" character varying(255), "jobthing_id" integer, "created_at" timestamp, "updated_at" timestamp) 
  [1m[36m (4.2ms)[0m  [1mCREATE TABLE "notes" ("id" serial primary key, "note" text, "phase_column" character varying(255), "user_id" integer, "jobthing_id" integer, "created_at" timestamp, "updated_at" timestamp) [0m
  [1m[35m (2.7ms)[0m  CREATE TABLE "outcomes" ("id" serial primary key, "jobthing_id" integer, "success" boolean DEFAULT 'f', "created_at" timestamp, "updated_at" timestamp) 
  [1m[36m (5.6ms)[0m  [1mCREATE TABLE "users" ("id" serial primary key, "first_name" character varying(255), "last_name" character varying(255), "email" character varying(255), "username" character varying(255), "password_hash" character varying(255), "created_at" timestamp, "updated_at" timestamp) [0m
  [1m[35m (0.9ms)[0m  CREATE TABLE "schema_migrations" ("version" character varying(255) NOT NULL) 
  [1m[36m (1.6ms)[0m  [1mCREATE UNIQUE INDEX  "unique_schema_migrations" ON "schema_migrations"  ("version")[0m
  [1m[35m (0.3ms)[0m  SELECT version FROM "schema_migrations"
  [1m[36m (0.4ms)[0m  [1mINSERT INTO "schema_migrations" (version) VALUES ('20140926181454')[0m
  [1m[35m (0.9ms)[0m  INSERT INTO "schema_migrations" (version) VALUES ('20140926172014')
  [1m[36m (0.3ms)[0m  [1mINSERT INTO "schema_migrations" (version) VALUES ('20140926173127')[0m
  [1m[35m (0.3ms)[0m  INSERT INTO "schema_migrations" (version) VALUES ('20140926173817')
  [1m[36m (0.3ms)[0m  [1mINSERT INTO "schema_migrations" (version) VALUES ('20140926173901')[0m
  [1m[35m (0.3ms)[0m  INSERT INTO "schema_migrations" (version) VALUES ('20140926174002')
  [1m[36m (0.3ms)[0m  [1mINSERT INTO "schema_migrations" (version) VALUES ('20140926174044')[0m
  [1m[35m (0.3ms)[0m  INSERT INTO "schema_migrations" (version) VALUES ('20140926180833')
  [1m[36mActiveRecord::SchemaMigration Load (0.2ms)[0m  [1mSELECT "schema_migrations".* FROM "schema_migrations"[0m
  [1m[36mMiscjobthing Load (0.8ms)[0m  [1mSELECT "miscjobthings".* FROM "miscjobthings"[0m
  [1m[35m (0.1ms)[0m  BEGIN
  [1m[36m (0.2ms)[0m  [1mROLLBACK[0m
  [1m[36m (4.4ms)[0m  [1mCREATE TABLE "schema_migrations" ("version" character varying(255) NOT NULL) [0m
  [1m[35m (2.8ms)[0m  CREATE UNIQUE INDEX  "unique_schema_migrations" ON "schema_migrations"  ("version")
  [1m[36mActiveRecord::SchemaMigration Load (0.5ms)[0m  [1mSELECT "schema_migrations".* FROM "schema_migrations"[0m
Migrating to CreateUsers (20140926172014)
  [1m[35m (0.2ms)[0m  BEGIN
  [1m[36m (9.2ms)[0m  [1mCREATE TABLE "users" ("id" serial primary key, "first_name" character varying(255), "last_name" character varying(255), "email" character varying(255), "username" character varying(255), "password_hash" character varying(255), "created_at" timestamp, "updated_at" timestamp) [0m
  [1m[35mSQL (1.4ms)[0m  INSERT INTO "schema_migrations" ("version") VALUES ($1)  [["version", "20140926172014"]]
  [1m[36m (0.5ms)[0m  [1mCOMMIT[0m
Migrating to CreateInterviews (20140926173127)
  [1m[35m (1.0ms)[0m  BEGIN
  [1m[36m (4.4ms)[0m  [1mCREATE TABLE "interviews" ("id" serial primary key, "interview_with" character varying(255), "interview_date" timestamp, "interview_time" timestamp, "jobthing_id" integer, "created_at" timestamp, "updated_at" timestamp) [0m
  [1m[35mSQL (0.3ms)[0m  INSERT INTO "schema_migrations" ("version") VALUES ($1)  [["version", "20140926173127"]]
  [1m[36m (0.5ms)[0m  [1mCOMMIT[0m
Migrating to CreateOutcomes (20140926173817)
  [1m[35m (1.0ms)[0m  BEGIN
  [1m[36m (3.4ms)[0m  [1mCREATE TABLE "outcomes" ("id" serial primary key, "jobthing_id" integer, "success" boolean DEFAULT 'f', "created_at" timestamp, "updated_at" timestamp) [0m
  [1m[35mSQL (0.2ms)[0m  INSERT INTO "schema_migrations" ("version") VALUES ($1)  [["version", "20140926173817"]]
  [1m[36m (0.4ms)[0m  [1mCOMMIT[0m
Migrating to CreateContacts (20140926173901)
  [1m[35m (0.9ms)[0m  BEGIN
  [1m[36m (5.3ms)[0m  [1mCREATE TABLE "contacts" ("id" serial primary key, "first_name" character varying(255), "last_name" character varying(255), "phone_number" character varying(255), "email" character varying(255), "jobthing_id" integer, "created_at" timestamp, "updated_at" timestamp) [0m
  [1m[35mSQL (0.2ms)[0m  INSERT INTO "schema_migrations" ("version") VALUES ($1)  [["version", "20140926173901"]]
  [1m[36m (0.4ms)[0m  [1mCOMMIT[0m
Migrating to CreateMiscjobthings (20140926174002)
  [1m[35m (1.2ms)[0m  BEGIN
  [1m[36m (4.2ms)[0m  [1mCREATE TABLE "miscjobthings" ("id" serial primary key, "name" character varying(255), "jobthing_id" integer, "created_at" timestamp, "updated_at" timestamp) [0m
  [1m[35mSQL (0.3ms)[0m  INSERT INTO "schema_migrations" ("version") VALUES ($1)  [["version", "20140926174002"]]
  [1m[36m (0.6ms)[0m  [1mCOMMIT[0m
Migrating to CreateNotes (20140926174044)
  [1m[35m (0.8ms)[0m  BEGIN
  [1m[36m (5.1ms)[0m  [1mCREATE TABLE "notes" ("id" serial primary key, "note" text, "phase_column" character varying(255), "user_id" integer, "jobthing_id" integer, "created_at" timestamp, "updated_at" timestamp) [0m
  [1m[35mSQL (0.2ms)[0m  INSERT INTO "schema_migrations" ("version") VALUES ($1)  [["version", "20140926174044"]]
  [1m[36m (0.4ms)[0m  [1mCOMMIT[0m
Migrating to CreateJobthings (20140926180833)
  [1m[35m (1.2ms)[0m  BEGIN
  [1m[36m (4.7ms)[0m  [1mCREATE TABLE "jobthings" ("id" serial primary key, "job_link" character varying(255), "company" character varying(255), "position" character varying(255), "user_id" integer, "created_at" timestamp, "updated_at" timestamp) [0m
  [1m[35mSQL (0.2ms)[0m  INSERT INTO "schema_migrations" ("version") VALUES ($1)  [["version", "20140926180833"]]
  [1m[36m (0.5ms)[0m  [1mCOMMIT[0m
Migrating to CreateApplieds (20140926181454)
  [1m[35m (1.0ms)[0m  BEGIN
  [1m[36m (2.9ms)[0m  [1mCREATE TABLE "applieds" ("id" serial primary key, "jobthing_id" integer, "created_at" timestamp, "updated_at" timestamp) [0m
  [1m[35mSQL (0.2ms)[0m  INSERT INTO "schema_migrations" ("version") VALUES ($1)  [["version", "20140926181454"]]
  [1m[36m (0.4ms)[0m  [1mCOMMIT[0m
  [1m[35mActiveRecord::SchemaMigration Load (0.3ms)[0m  SELECT "schema_migrations".* FROM "schema_migrations"
  [1m[36m (0.1ms)[0m  [1mBEGIN[0m
  [1m[35m (0.2ms)[0m  ROLLBACK
  [1m[36m (0.3ms)[0m  [1mBEGIN[0m
  [1m[35mSQL (1.4ms)[0m  INSERT INTO "miscjobthings" ("created_at", "name", "updated_at") VALUES ($1, $2, $3) RETURNING "id"  [["created_at", "2014-09-26 19:26:17.268132"], ["name", "123"], ["updated_at", "2014-09-26 19:26:17.268132"]]
  [1m[36m (0.9ms)[0m  [1mCOMMIT[0m
  [1m[35mJobthing Load (0.7ms)[0m  SELECT "jobthings".* FROM "jobthings"
  [1m[36m (0.2ms)[0m  [1mBEGIN[0m
  [1m[35m (0.2ms)[0m  ROLLBACK
  [1m[36m (0.2ms)[0m  [1mBEGIN[0m
  [1m[35mSQL (1.6ms)[0m  INSERT INTO "jobthings" ("company", "created_at", "job_link", "position", "updated_at") VALUES ($1, $2, $3, $4, $5) RETURNING "id"  [["company", "13"], ["created_at", "2014-09-26 19:26:45.020594"], ["job_link", "123"], ["position", "123"], ["updated_at", "2014-09-26 19:26:45.020594"]]
  [1m[36m (1.3ms)[0m  [1mCOMMIT[0m


Started GET "/" for 127.0.0.1 at 2014-09-26 12:51:42 -0700
  [1m[36mActiveRecord::SchemaMigration Load (1.1ms)[0m  [1mSELECT "schema_migrations".* FROM "schema_migrations"[0m
Processing by Rails::WelcomeController#index as HTML
  Rendered /Users/myeung58/.rvm/gems/ruby-2.0.0-p481/gems/railties-4.1.6/lib/rails/templates/rails/welcome/index.html.erb (2.9ms)
Completed 200 OK in 38ms (Views: 26.6ms | ActiveRecord: 0.0ms)
